Release 14.7 - xst P.20131013 (nt64)
Copyright (c) 1995-2013 Xilinx, Inc.  All rights reserved.
--> Parameter TMPDIR set to xst/projnav.tmp


Total REAL time to Xst completion: 0.00 secs
Total CPU time to Xst completion: 0.19 secs
 
--> Parameter xsthdpdir set to xst


Total REAL time to Xst completion: 0.00 secs
Total CPU time to Xst completion: 0.19 secs
 
--> Reading design: PWM.prj

TABLE OF CONTENTS
  1) Synthesis Options Summary
  2) HDL Compilation
  3) Design Hierarchy Analysis
  4) HDL Analysis
  5) HDL Synthesis
     5.1) HDL Synthesis Report
  6) Advanced HDL Synthesis
     6.1) Advanced HDL Synthesis Report
  7) Low Level Synthesis
  8) Partition Report
  9) Final Report

=========================================================================
*                      Synthesis Options Summary                        *
=========================================================================
---- Source Parameters
Input File Name                    : "PWM.prj"
Input Format                       : mixed
Ignore Synthesis Constraint File   : NO

---- Target Parameters
Output File Name                   : "PWM"
Output Format                      : NGC
Target Device                      : XC9500XL CPLDs

---- Source Options
Top Module Name                    : PWM
Automatic FSM Extraction           : YES
FSM Encoding Algorithm             : Auto
Safe Implementation                : No
Mux Extraction                     : Yes
Resource Sharing                   : YES

---- Target Options
Add IO Buffers                     : YES
MACRO Preserve                     : YES
XOR Preserve                       : YES
Equivalent register Removal        : YES

---- General Options
Optimization Goal                  : Speed
Optimization Effort                : 1
Keep Hierarchy                     : Yes
Netlist Hierarchy                  : As_Optimized
RTL Output                         : Yes
Hierarchy Separator                : /
Bus Delimiter                      : <>
Case Specifier                     : Maintain
Verilog 2001                       : YES

---- Other Options
Clock Enable                       : YES
wysiwyg                            : NO

=========================================================================


=========================================================================
*                          HDL Compilation                              *
=========================================================================
Compiling vhdl file "C:/Users/m/Desktop/OH/SIXTH/PLB/LABOR/LABOR2PWM/PWM.vhd" in Library work.
Architecture behavioral of Entity pwm is up to date.

=========================================================================
*                     Design Hierarchy Analysis                         *
=========================================================================
Analyzing hierarchy for entity <PWM> in library <work> (architecture <behavioral>).


=========================================================================
*                            HDL Analysis                               *
=========================================================================
Analyzing Entity <PWM> in library <work> (Architecture <behavioral>).
Entity <PWM> analyzed. Unit <PWM> generated.


=========================================================================
*                           HDL Synthesis                               *
=========================================================================

Performing bidirectional port resolution...

Synthesizing Unit <PWM>.
    Related source file is "C:/Users/m/Desktop/OH/SIXTH/PLB/LABOR/LABOR2PWM/PWM.vhd".
    Found 8-bit up counter for signal <cnt>.
    Found 1-bit register for signal <output>.
    Found 8-bit comparator equal for signal <output$cmp_eq0004> created at line 55.
    Summary:
	inferred   1 Counter(s).
	inferred   1 Comparator(s).
Unit <PWM> synthesized.


=========================================================================
HDL Synthesis Report

Macro Statistics
# Counters                                             : 1
 8-bit up counter                                      : 1
# Registers                                            : 1
 1-bit register                                        : 1
# Comparators                                          : 1
 8-bit comparator equal                                : 1

=========================================================================

=========================================================================
*                       Advanced HDL Synthesis                          *
=========================================================================


=========================================================================
Advanced HDL Synthesis Report

Macro Statistics
# Counters                                             : 1
 8-bit up counter                                      : 1
# Comparators                                          : 1
 8-bit comparator equal                                : 1

=========================================================================

=========================================================================
*                         Low Level Synthesis                           *
=========================================================================

Optimizing unit <PWM> ...
  implementation constraint: INIT=r	 : cnt_7
  implementation constraint: INIT=r	 : cnt_6
  implementation constraint: INIT=r	 : cnt_5
  implementation constraint: INIT=r	 : cnt_4
  implementation constraint: INIT=r	 : cnt_3
  implementation constraint: INIT=r	 : cnt_2
  implementation constraint: INIT=r	 : cnt_1
  implementation constraint: INIT=r	 : cnt_0

=========================================================================
*                           Partition Report                            *
=========================================================================

Partition Implementation Status
-------------------------------

  No Partitions were found in this design.

-------------------------------

=========================================================================
*                            Final Report                               *
=========================================================================
Final Results
RTL Top Level Output File Name     : PWM.ngr
Top Level Output File Name         : PWM
Output Format                      : NGC
Optimization Goal                  : Speed
Keep Hierarchy                     : Yes
Target Technology                  : XC9500XL CPLDs
Macro Preserve                     : YES
XOR Preserve                       : YES
Clock Enable                       : YES
wysiwyg                            : NO

Design Statistics
# IOs                              : 11

Cell Usage :
# BELS                             : 101
#      AND2                        : 19
#      AND3                        : 2
#      AND4                        : 3
#      AND8                        : 4
#      GND                         : 1
#      INV                         : 54
#      OR2                         : 2
#      OR3                         : 1
#      XOR2                        : 15
# FlipFlops/Latches                : 9
#      FDCE                        : 9
# IO Buffers                       : 11
#      IBUF                        : 10
#      OBUF                        : 1
=========================================================================


Total REAL time to Xst completion: 9.00 secs
Total CPU time to Xst completion: 9.09 secs
 
--> 

Total memory usage is 296348 kilobytes

Number of errors   :    0 (   0 filtered)
Number of warnings :    0 (   0 filtered)
Number of infos    :    0 (   0 filtered)

