Release 14.7 - xst P.20131013 (nt64)
Copyright (c) 1995-2013 Xilinx, Inc.  All rights reserved.
--> Parameter TMPDIR set to xst/projnav.tmp


Total REAL time to Xst completion: 0.00 secs
Total CPU time to Xst completion: 0.19 secs
 
--> Parameter xsthdpdir set to xst


Total REAL time to Xst completion: 0.00 secs
Total CPU time to Xst completion: 0.20 secs
 
--> Reading design: SPI_RX.prj

TABLE OF CONTENTS
  1) Synthesis Options Summary
  2) HDL Compilation
  3) Design Hierarchy Analysis
  4) HDL Analysis
  5) HDL Synthesis
     5.1) HDL Synthesis Report
  6) Advanced HDL Synthesis
     6.1) Advanced HDL Synthesis Report
  7) Low Level Synthesis
  8) Partition Report
  9) Final Report

=========================================================================
*                      Synthesis Options Summary                        *
=========================================================================
---- Source Parameters
Input File Name                    : "SPI_RX.prj"
Input Format                       : mixed
Ignore Synthesis Constraint File   : NO

---- Target Parameters
Output File Name                   : "SPI_RX"
Output Format                      : NGC
Target Device                      : XC9500 CPLDs

---- Source Options
Top Module Name                    : SPI_RX
Automatic FSM Extraction           : YES
FSM Encoding Algorithm             : Auto
Safe Implementation                : No
Mux Extraction                     : Yes
Resource Sharing                   : YES

---- Target Options
Add IO Buffers                     : YES
MACRO Preserve                     : YES
XOR Preserve                       : YES
Equivalent register Removal        : YES

---- General Options
Optimization Goal                  : Speed
Optimization Effort                : 1
Keep Hierarchy                     : Yes
Netlist Hierarchy                  : As_Optimized
RTL Output                         : Yes
Hierarchy Separator                : /
Bus Delimiter                      : <>
Case Specifier                     : Maintain
Verilog 2001                       : YES

---- Other Options
wysiwyg                            : NO

=========================================================================


=========================================================================
*                          HDL Compilation                              *
=========================================================================
Compiling vhdl file "C:/Users/m/Desktop/OH/PLB/LABOR/empfaenger/SPI_RX.vhd" in Library work.
Architecture behavioral of Entity spi_rx is up to date.

=========================================================================
*                     Design Hierarchy Analysis                         *
=========================================================================
Analyzing hierarchy for entity <SPI_RX> in library <work> (architecture <behavioral>).


=========================================================================
*                            HDL Analysis                               *
=========================================================================
Analyzing Entity <SPI_RX> in library <work> (Architecture <behavioral>).
Entity <SPI_RX> analyzed. Unit <SPI_RX> generated.


=========================================================================
*                           HDL Synthesis                               *
=========================================================================

Performing bidirectional port resolution...

Synthesizing Unit <SPI_RX>.
    Related source file is "C:/Users/m/Desktop/OH/PLB/LABOR/empfaenger/SPI_RX.vhd".
    Found 8-bit register for signal <o_DATA>.
    Found 1-bit register for signal <o_STRB>.
    Found 1-bit register for signal <o_ERR>.
    Found 8-bit up counter for signal <CNT>.
    Found 8-bit up counter for signal <CNT_BIT>.
    Found 1-bit register for signal <FF>.
    Found 1-bit register for signal <FF1>.
    Found 8-bit register for signal <SR>.
    Summary:
	inferred   2 Counter(s).
	inferred   4 D-type flip-flop(s).
Unit <SPI_RX> synthesized.


=========================================================================
HDL Synthesis Report

Macro Statistics
# Counters                                             : 2
 8-bit up counter                                      : 2
# Registers                                            : 6
 1-bit register                                        : 4
 8-bit register                                        : 2

=========================================================================

=========================================================================
*                       Advanced HDL Synthesis                          *
=========================================================================


=========================================================================
Advanced HDL Synthesis Report

Macro Statistics
# Counters                                             : 2
 8-bit up counter                                      : 2
# Registers                                            : 4
 Flip-Flops                                            : 4

=========================================================================

=========================================================================
*                         Low Level Synthesis                           *
=========================================================================

Optimizing unit <SPI_RX> ...
  implementation constraint: INIT=r	 : FF1
  implementation constraint: INIT=r	 : FF
  implementation constraint: INIT=r	 : SR_7
  implementation constraint: INIT=r	 : CNT_7
  implementation constraint: INIT=r	 : SR_6
  implementation constraint: INIT=r	 : CNT_0
  implementation constraint: INIT=r	 : CNT_1
  implementation constraint: INIT=r	 : CNT_2
  implementation constraint: INIT=r	 : CNT_3
  implementation constraint: INIT=r	 : CNT_4
  implementation constraint: INIT=r	 : CNT_5
  implementation constraint: INIT=r	 : CNT_6
  implementation constraint: INIT=r	 : CNT_BIT_0
  implementation constraint: INIT=r	 : CNT_BIT_1
  implementation constraint: INIT=r	 : CNT_BIT_2
  implementation constraint: INIT=r	 : CNT_BIT_3
  implementation constraint: INIT=r	 : CNT_BIT_4
  implementation constraint: INIT=r	 : CNT_BIT_5
  implementation constraint: INIT=r	 : CNT_BIT_6
  implementation constraint: INIT=r	 : CNT_BIT_7
  implementation constraint: INIT=r	 : SR_0
  implementation constraint: INIT=r	 : SR_1
  implementation constraint: INIT=r	 : SR_2
  implementation constraint: INIT=r	 : SR_3
  implementation constraint: INIT=r	 : SR_4
  implementation constraint: INIT=r	 : SR_5

=========================================================================
*                           Partition Report                            *
=========================================================================

Partition Implementation Status
-------------------------------

  No Partitions were found in this design.

-------------------------------

=========================================================================
*                            Final Report                               *
=========================================================================
Final Results
RTL Top Level Output File Name     : SPI_RX.ngr
Top Level Output File Name         : SPI_RX
Output Format                      : NGC
Optimization Goal                  : Speed
Keep Hierarchy                     : Yes
Target Technology                  : XC9500 CPLDs
Macro Preserve                     : YES
XOR Preserve                       : YES
wysiwyg                            : NO

Design Statistics
# IOs                              : 14

Cell Usage :
# BELS                             : 180
#      AND2                        : 70
#      AND3                        : 3
#      AND4                        : 1
#      AND8                        : 2
#      INV                         : 59
#      OR2                         : 30
#      XOR2                        : 15
# FlipFlops/Latches                : 36
#      FD                          : 36
# IO Buffers                       : 14
#      IBUF                        : 4
#      OBUF                        : 10
=========================================================================


Total REAL time to Xst completion: 7.00 secs
Total CPU time to Xst completion: 7.42 secs
 
--> 

Total memory usage is 227344 kilobytes

Number of errors   :    0 (   0 filtered)
Number of warnings :    0 (   0 filtered)
Number of infos    :    0 (   0 filtered)

