Running: fuse.exe -relaunch -intstyle "ise" -incremental -o "C:/Users/m/Desktop/OH/PLB/LABOR/probe/pwm_tb_isim_beh.exe" -prj "C:/Users/m/Desktop/OH/PLB/LABOR/probe/pwm_tb_beh.prj" "work.pwm_tb" 
ISim P.20131013 (signature 0x7708f090)
Number of CPUs detected in this system: 4
Turning on mult-threading, number of parallel sub-compilation jobs: 8 
Determining compilation order of HDL files
Parsing VHDL file "C:/Users/m/Desktop/OH/PLB/LABOR/probe/pwmpro.vhd" into library work
Parsing VHDL file "C:/Users/m/Desktop/OH/PLB/LABOR/probe/pwm_tb.vhd" into library work
Starting static elaboration
Completed static elaboration
Compiling package standard
Compiling package std_logic_1164
Compiling package std_logic_arith
Compiling package std_logic_unsigned
Compiling architecture logic of entity pwm [\pwm(1000000,5000,8,1)\]
Compiling architecture behavior of entity pwm_tb
Time Resolution for simulation is 1ps.
Waiting for 1 sub-compilation(s) to finish...
Compiled 7 VHDL Units
Built simulation executable C:/Users/m/Desktop/OH/PLB/LABOR/probe/pwm_tb_isim_beh.exe
Fuse Memory Usage: 32200 KB
Fuse CPU Usage: 687 ms
