Release 14.7 - xst P.20131013 (nt64)
Copyright (c) 1995-2013 Xilinx, Inc.  All rights reserved.
--> Parameter TMPDIR set to xst/projnav.tmp


Total REAL time to Xst completion: 0.00 secs
Total CPU time to Xst completion: 0.17 secs
 
--> Parameter xsthdpdir set to xst


Total REAL time to Xst completion: 0.00 secs
Total CPU time to Xst completion: 0.18 secs
 
--> Reading design: CLKDIVIDER.prj

TABLE OF CONTENTS
  1) Synthesis Options Summary
  2) HDL Compilation
  3) Design Hierarchy Analysis
  4) HDL Analysis
  5) HDL Synthesis
     5.1) HDL Synthesis Report
  6) Advanced HDL Synthesis
     6.1) Advanced HDL Synthesis Report
  7) Low Level Synthesis
  8) Partition Report
  9) Final Report
	9.1) Device utilization summary
	9.2) Partition Resource Summary
	9.3) TIMING REPORT


=========================================================================
*                      Synthesis Options Summary                        *
=========================================================================
---- Source Parameters
Input File Name                    : "CLKDIVIDER.prj"
Input Format                       : mixed
Ignore Synthesis Constraint File   : NO

---- Target Parameters
Output File Name                   : "CLKDIVIDER"
Output Format                      : NGC
Target Device                      : xc3s100e-5-vq100

---- Source Options
Top Module Name                    : CLKDIVIDER
Automatic FSM Extraction           : YES
FSM Encoding Algorithm             : Auto
Safe Implementation                : No
FSM Style                          : LUT
RAM Extraction                     : Yes
RAM Style                          : Auto
ROM Extraction                     : Yes
Mux Style                          : Auto
Decoder Extraction                 : YES
Priority Encoder Extraction        : Yes
Shift Register Extraction          : YES
Logical Shifter Extraction         : YES
XOR Collapsing                     : YES
ROM Style                          : Auto
Mux Extraction                     : Yes
Resource Sharing                   : YES
Asynchronous To Synchronous        : NO
Multiplier Style                   : LUT
Automatic Register Balancing       : No

---- Target Options
Add IO Buffers                     : YES
Global Maximum Fanout              : 100000
Add Generic Clock Buffer(BUFG)     : 4
Register Duplication               : YES
Slice Packing                      : YES
Optimize Instantiated Primitives   : NO
Use Clock Enable                   : Yes
Use Synchronous Set                : Yes
Use Synchronous Reset              : Yes
Pack IO Registers into IOBs        : Auto
Equivalent register Removal        : YES

---- General Options
Optimization Goal                  : Speed
Optimization Effort                : 1
Keep Hierarchy                     : No
Netlist Hierarchy                  : As_Optimized
RTL Output                         : Yes
Global Optimization                : AllClockNets
Read Cores                         : YES
Write Timing Constraints           : NO
Cross Clock Analysis               : NO
Hierarchy Separator                : /
Bus Delimiter                      : <>
Case Specifier                     : Maintain
Slice Utilization Ratio            : 100
BRAM Utilization Ratio             : 100
Verilog 2001                       : YES
Auto BRAM Packing                  : NO
Slice Utilization Ratio Delta      : 5

=========================================================================


=========================================================================
*                          HDL Compilation                              *
=========================================================================
Compiling vhdl file "C:/Users/m/Desktop/OH/PLB/LABOR/LABOR3A1/CLKDIVIDER.vhd" in Library work.
Entity <clkdivider> compiled.
Entity <clkdivider> (Architecture <behavioral>) compiled.

=========================================================================
*                     Design Hierarchy Analysis                         *
=========================================================================
Analyzing hierarchy for entity <CLKDIVIDER> in library <work> (architecture <behavioral>).


=========================================================================
*                            HDL Analysis                               *
=========================================================================
Analyzing Entity <CLKDIVIDER> in library <work> (Architecture <behavioral>).
Entity <CLKDIVIDER> analyzed. Unit <CLKDIVIDER> generated.


=========================================================================
*                           HDL Synthesis                               *
=========================================================================

Performing bidirectional port resolution...

Synthesizing Unit <CLKDIVIDER>.
    Related source file is "C:/Users/m/Desktop/OH/PLB/LABOR/LABOR3A1/CLKDIVIDER.vhd".
    Found 1-bit register for signal <FF10>.
    Found 1-bit register for signal <FF2>.
    Found 5-bit register for signal <SR>.
    Summary:
	inferred   7 D-type flip-flop(s).
Unit <CLKDIVIDER> synthesized.


=========================================================================
HDL Synthesis Report

Macro Statistics
# Registers                                            : 3
 1-bit register                                        : 2
 5-bit register                                        : 1

=========================================================================

=========================================================================
*                       Advanced HDL Synthesis                          *
=========================================================================


=========================================================================
Advanced HDL Synthesis Report

Macro Statistics
# Registers                                            : 7
 Flip-Flops                                            : 7

=========================================================================

=========================================================================
*                         Low Level Synthesis                           *
=========================================================================

Optimizing unit <CLKDIVIDER> ...

Mapping all equations...
Building and optimizing final netlist ...
Found area constraint ratio of 100 (+ 5) on block CLKDIVIDER, actual ratio is 0.

Final Macro Processing ...

Processing Unit <CLKDIVIDER> :
	Found 4-bit shift register for signal <SR_3>.
Unit <CLKDIVIDER> processed.

=========================================================================
Final Register Report

Macro Statistics
# Registers                                            : 3
 Flip-Flops                                            : 3
# Shift Registers                                      : 1
 4-bit shift register                                  : 1

=========================================================================

=========================================================================
*                           Partition Report                            *
=========================================================================

Partition Implementation Status
-------------------------------

  No Partitions were found in this design.

-------------------------------

=========================================================================
*                            Final Report                               *
=========================================================================
Final Results
RTL Top Level Output File Name     : CLKDIVIDER.ngr
Top Level Output File Name         : CLKDIVIDER
Output Format                      : NGC
Optimization Goal                  : Speed
Keep Hierarchy                     : No

Design Statistics
# IOs                              : 4

Cell Usage :
# BELS                             : 4
#      GND                         : 1
#      INV                         : 1
#      LUT2                        : 1
#      VCC                         : 1
# FlipFlops/Latches                : 4
#      FD                          : 2
#      FDE                         : 1
#      FDR                         : 1
# Shift Registers                  : 1
#      SRL16                       : 1
# Clock Buffers                    : 1
#      BUFGP                       : 1
# IO Buffers                       : 3
#      OBUF                        : 3
=========================================================================

Device utilization summary:
---------------------------

Selected Device : 3s100evq100-5 

 Number of Slices:                        2  out of    960     0%  
 Number of Slice Flip Flops:              4  out of   1920     0%  
 Number of 4 input LUTs:                  3  out of   1920     0%  
    Number used as logic:                 2
    Number used as Shift registers:       1
 Number of IOs:                           4
 Number of bonded IOBs:                   4  out of     66     6%  
 Number of GCLKs:                         1  out of     24     4%  

---------------------------
Partition Resource Summary:
---------------------------

  No Partitions were found in this design.

---------------------------


=========================================================================
TIMING REPORT

NOTE: THESE TIMING NUMBERS ARE ONLY A SYNTHESIS ESTIMATE.
      FOR ACCURATE TIMING INFORMATION PLEASE REFER TO THE TRACE REPORT
      GENERATED AFTER PLACE-and-ROUTE.

Clock Information:
------------------
-----------------------------------+------------------------+-------+
Clock Signal                       | Clock buffer(FF name)  | Load  |
-----------------------------------+------------------------+-------+
CLK                                | BUFGP                  | 5     |
-----------------------------------+------------------------+-------+

Asynchronous Control Signals Information:
----------------------------------------
No asynchronous control signals found in this design

Timing Summary:
---------------
Speed Grade: -5

   Minimum period: 3.492ns (Maximum Frequency: 286.369MHz)
   Minimum input arrival time before clock: No path found
   Maximum output required time after clock: 4.134ns
   Maximum combinational path delay: No path found

Timing Detail:
--------------
All values displayed in nanoseconds (ns)

=========================================================================
Timing constraint: Default period analysis for Clock 'CLK'
  Clock period: 3.492ns (frequency: 286.369MHz)
  Total number of paths / destination ports: 7 / 6
-------------------------------------------------------------------------
Delay:               3.492ns (Levels of Logic = 0)
  Source:            Mshreg_SR_3 (FF)
  Destination:       SR_3 (FF)
  Source Clock:      CLK rising
  Destination Clock: CLK rising

  Data Path: Mshreg_SR_3 to SR_3
                                Gate     Net
    Cell:in->out      fanout   Delay   Delay  Logical Name (Net Name)
    ----------------------------------------  ------------
     SRL16:CLK->Q          1   3.224   0.000  Mshreg_SR_3 (Mshreg_SR_3)
     FD:D                      0.268          SR_3
    ----------------------------------------
    Total                      3.492ns (3.492ns logic, 0.000ns route)
                                       (100.0% logic, 0.0% route)

=========================================================================
Timing constraint: Default OFFSET OUT AFTER for Clock 'CLK'
  Total number of paths / destination ports: 3 / 3
-------------------------------------------------------------------------
Offset:              4.134ns (Levels of Logic = 1)
  Source:            SR_4 (FF)
  Destination:       o_CLKDIV5 (PAD)
  Source Clock:      CLK rising

  Data Path: SR_4 to o_CLKDIV5
                                Gate     Net
    Cell:in->out      fanout   Delay   Delay  Logical Name (Net Name)
    ----------------------------------------  ------------
     FD:C->Q               3   0.514   0.451  SR_4 (SR_4)
     OBUF:I->O                 3.169          o_CLKDIV5_OBUF (o_CLKDIV5)
    ----------------------------------------
    Total                      4.134ns (3.683ns logic, 0.451ns route)
                                       (89.1% logic, 10.9% route)

=========================================================================


Total REAL time to Xst completion: 6.00 secs
Total CPU time to Xst completion: 6.14 secs
 
--> 

Total memory usage is 234448 kilobytes

Number of errors   :    0 (   0 filtered)
Number of warnings :    0 (   0 filtered)
Number of infos    :    0 (   0 filtered)

