 
cpldfit:  version P.20131013                        Xilinx Inc.
                                  Fitter Report
Design Name: aufgabe1                            Date: 11- 7-2018,  5:52PM
Device Used: XC9536XL-5-PC44
Fitting Status: Successful

*************************  Mapped Resource Summary  **************************

Macrocells     Product Terms    Function Block   Registers      Pins           
Used/Tot       Used/Tot         Inps Used/Tot    Used/Tot       Used/Tot       
1  /36  (  3%) 9   /180  (  5%) 5  /108 (  5%)   0  /36  (  0%) 6  /34  ( 18%)

** Function Block Resources **

Function    Mcells      FB Inps     Pterms      IO          
Block       Used/Tot    Used/Tot    Used/Tot    Used/Tot    
FB1           1/18        5/54        9/90       1/17
FB2           0/18        0/54        0/90       5/17
             -----       -----       -----      -----    
              1/36        5/108       9/180      6/34 

* - Resource is exhausted

** Global Control Resources **

Global clock net(s) unused.
Global output enable net(s) unused.
Global set/reset net(s) unused.

** Pin Resources **

Signal Type    Required     Mapped  |  Pin Type            Used    Total 
------------------------------------|------------------------------------
Input         :    5           5    |  I/O              :     5      28
Output        :    1           1    |  GCK/IO           :     0       3
Bidirectional :    0           0    |  GTS/IO           :     0       2
GCK           :    0           0    |  GSR/IO           :     1       1
GTS           :    0           0    |
GSR           :    0           0    |
                 ----        ----
        Total      6           6

** Power Data **

There are 1 macrocells in high performance mode (MCHP).
There are 0 macrocells in low power mode (MCLP).
End of Mapped Resource Summary
**************************  Errors and Warnings  ***************************

WARNING:Cpld - Unable to retrieve the path to the iSE Project Repository. Will
   use the default filename of 'aufgabe1.ise'.
*************************  Summary of Mapped Logic  ************************

** 1 Outputs **

Signal              Total Total Loc     Pin  Pin     Pin     Pwr  Slew Reg Init
Name                Pts   Inps          No.  Type    Use     Mode Rate State
Y                   9     5     FB1_4   4    I/O     O       STD  FAST 

** 5 Inputs **

Signal              Loc     Pin  Pin     Pin     
Name                        No.  Type    Use     
SEL<2>              FB2_1   1    I/O     I
SEL<0>              FB2_6   39   GSR/I/O I
B                   FB2_7   38   I/O     I
A                   FB2_11  34   I/O     I
SEL<1>              FB2_15  27   I/O     I

Legend:
Pin No. - ~ - User Assigned
**************************  Function Block Details  ************************
Legend:
Total Pt     - Total product terms used by the macrocell signal
Imp Pt       - Product terms imported from other macrocells
Exp Pt       - Product terms exported to other macrocells
               in direction shown
Unused Pt    - Unused local product terms remaining in macrocell
Loc          - Location where logic was mapped in device
Pin Type/Use - I  - Input             GCK - Global Clock
               O  - Output            GTS - Global Output Enable
              (b) - Buried macrocell  GSR - Global Set/Reset
X            - Signal used as input to the macrocell logic.
Pin No.      - ~  - User Assigned
*********************************** FB1  ***********************************
Number of function block inputs used/remaining:               5/49
Number of signals used by logic mapping into function block:  5
Signal              Total   Imp   Exp Unused  Loc     Pin   Pin     Pin
Name                Pt      Pt    Pt  Pt               #    Type    Use
(unused)              0       0     0   5     FB1_1   2     I/O     
(unused)              0       0     0   5     FB1_2   3     I/O     
(unused)              0       0   \/2   3     FB1_3   5     GCK/I/O (b)
Y                     9       4<-   0   0     FB1_4   4     I/O     O
(unused)              0       0   /\2   3     FB1_5   6     GCK/I/O (b)
(unused)              0       0     0   5     FB1_6   8     I/O     
(unused)              0       0     0   5     FB1_7   7     GCK/I/O 
(unused)              0       0     0   5     FB1_8   9     I/O     
(unused)              0       0     0   5     FB1_9   11    I/O     
(unused)              0       0     0   5     FB1_10  12    I/O     
(unused)              0       0     0   5     FB1_11  13    I/O     
(unused)              0       0     0   5     FB1_12  14    I/O     
(unused)              0       0     0   5     FB1_13  18    I/O     
(unused)              0       0     0   5     FB1_14  19    I/O     
(unused)              0       0     0   5     FB1_15  20    I/O     
(unused)              0       0     0   5     FB1_16  22    I/O     
(unused)              0       0     0   5     FB1_17  24    I/O     
(unused)              0       0     0   5     FB1_18        (b)     

Signals Used by Logic in Function Block
  1: A                  3: SEL<0>             5: SEL<2> 
  2: B                  4: SEL<1>           

Signal                        1         2         3         4 FB
Name                0----+----0----+----0----+----0----+----0 Inputs
Y                    XXXXX................................... 5
                    0----+----1----+----2----+----3----+----4
                              0         0         0         0
*********************************** FB2  ***********************************
Number of function block inputs used/remaining:               0/54
Number of signals used by logic mapping into function block:  0
Signal              Total   Imp   Exp Unused  Loc     Pin   Pin     Pin
Name                Pt      Pt    Pt  Pt               #    Type    Use
(unused)              0       0     0   5     FB2_1   1     I/O     I
(unused)              0       0     0   5     FB2_2   44    I/O     
(unused)              0       0     0   5     FB2_3   42    GTS/I/O 
(unused)              0       0     0   5     FB2_4   43    I/O     
(unused)              0       0     0   5     FB2_5   40    GTS/I/O 
(unused)              0       0     0   5     FB2_6   39    GSR/I/O I
(unused)              0       0     0   5     FB2_7   38    I/O     I
(unused)              0       0     0   5     FB2_8   37    I/O     
(unused)              0       0     0   5     FB2_9   36    I/O     
(unused)              0       0     0   5     FB2_10  35    I/O     
(unused)              0       0     0   5     FB2_11  34    I/O     I
(unused)              0       0     0   5     FB2_12  33    I/O     
(unused)              0       0     0   5     FB2_13  29    I/O     
(unused)              0       0     0   5     FB2_14  28    I/O     
(unused)              0       0     0   5     FB2_15  27    I/O     I
(unused)              0       0     0   5     FB2_16  26    I/O     
(unused)              0       0     0   5     FB2_17  25    I/O     
(unused)              0       0     0   5     FB2_18        (b)     
*******************************  Equations  ********************************

********** Mapped Logic **********






Y <= ((SEL(1) AND SEL(2) AND NOT SEL(0))
	OR (NOT SEL(1) AND NOT A AND NOT B AND SEL(2))
	OR (NOT SEL(1) AND A AND B AND NOT SEL(2))
	OR (NOT SEL(1) AND A AND B AND SEL(0))
	OR (SEL(1) AND A AND NOT B AND NOT SEL(0))
	OR (SEL(1) AND NOT A AND B AND NOT SEL(0))
	OR (SEL(1) AND NOT A AND NOT SEL(2) AND SEL(0))
	OR (A AND NOT B AND NOT SEL(2) AND SEL(0))
	OR (NOT A AND B AND NOT SEL(2) AND SEL(0)));

Register Legend:
 FDCPE (Q,D,C,CLR,PRE,CE); 
 FTCPE (Q,D,C,CLR,PRE,CE); 
 LDCP  (Q,D,G,CLR,PRE); 

******************************  Device Pin Out *****************************

Device : XC9536XL-5-PC44


   --------------------------------  
  /6  5  4  3  2  1  44 43 42 41 40 \
 | 7                             39 | 
 | 8                             38 | 
 | 9                             37 | 
 | 10                            36 | 
 | 11        XC9536XL-5-PC44     35 | 
 | 12                            34 | 
 | 13                            33 | 
 | 14                            32 | 
 | 15                            31 | 
 | 16                            30 | 
 | 17                            29 | 
 \ 18 19 20 21 22 23 24 25 26 27 28 /
   --------------------------------  


Pin Signal                         Pin Signal                        
No. Name                           No. Name                          
  1 SEL<2>                           23 GND                           
  2 KPR                              24 KPR                           
  3 KPR                              25 KPR                           
  4 Y                                26 KPR                           
  5 KPR                              27 SEL<1>                        
  6 KPR                              28 KPR                           
  7 KPR                              29 KPR                           
  8 KPR                              30 TDO                           
  9 KPR                              31 GND                           
 10 GND                              32 VCC                           
 11 KPR                              33 KPR                           
 12 KPR                              34 A                             
 13 KPR                              35 KPR                           
 14 KPR                              36 KPR                           
 15 TDI                              37 KPR                           
 16 TMS                              38 B                             
 17 TCK                              39 SEL<0>                        
 18 KPR                              40 KPR                           
 19 KPR                              41 VCC                           
 20 KPR                              42 KPR                           
 21 VCC                              43 KPR                           
 22 KPR                              44 KPR                           


Legend :  NC  = Not Connected, unbonded pin
         PGND = Unused I/O configured as additional Ground pin
         TIE  = Unused I/O floating -- must tie to VCC, GND or other signal
         KPR  = Unused I/O with weak keeper (leave unconnected)
         VCC  = Dedicated Power Pin
         GND  = Dedicated Ground Pin
         TDI  = Test Data In, JTAG pin
         TDO  = Test Data Out, JTAG pin
         TCK  = Test Clock, JTAG pin
         TMS  = Test Mode Select, JTAG pin
  PROHIBITED  = User reserved pin
****************************  Compiler Options  ****************************

Following is a list of all global compiler options used by the fitter run.

Device(s) Specified                         : xc95*xl-*-*
Optimization Method                         : SPEED
Multi-Level Logic Optimization              : ON
Ignore Timing Specifications                : OFF
Default Register Power Up Value             : LOW
Keep User Location Constraints              : ON
What-You-See-Is-What-You-Get                : OFF
Exhaustive Fitting                          : OFF
Keep Unused Inputs                          : OFF
Slew Rate                                   : FAST
Power Mode                                  : STD
Ground on Unused IOs                        : OFF
Set I/O Pin Termination                     : KEEPER
Global Clock Optimization                   : ON
Global Set/Reset Optimization               : ON
Global Ouput Enable Optimization            : ON
Input Limit                                 : 54
Pterm Limit                                 : 25
