Running: fuse.exe -relaunch -intstyle "ise" -incremental -lib "secureip" -o "C:/Users/m/Desktop/OH/PLB/LABOR/SPI_EMPFAENGER/LineBuf/LineBuf_TB_isim_beh.exe" -prj "C:/Users/m/Desktop/OH/PLB/LABOR/SPI_EMPFAENGER/LineBuf/LineBuf_TB_beh.prj" "work.LineBuf_TB" 
ISim P.20131013 (signature 0x7708f090)
Number of CPUs detected in this system: 4
Turning on mult-threading, number of parallel sub-compilation jobs: 8 
Determining compilation order of HDL files
Parsing VHDL file "C:/Users/m/Desktop/OH/PLB/LABOR/SPI_EMPFAENGER/LineBuf/ipcore_dir/FIFO.vhd" into library work
Parsing VHDL file "C:/Users/m/Desktop/OH/PLB/LABOR/SPI_EMPFAENGER/LineBuf/ipcore_dir/Multiply.vhd" into library work
Parsing VHDL file "C:/Users/m/Desktop/OH/PLB/LABOR/SPI_EMPFAENGER/LineBuf/LineBuf.vhd" into library work
Parsing VHDL file "C:/Users/m/Desktop/OH/PLB/LABOR/SPI_EMPFAENGER/LineBuf/LineBuf_TB.vhd" into library work
Starting static elaboration
Completed static elaboration
Compiling package standard
Compiling package std_logic_1164
Compiling package numeric_std
Compiling package std_logic_arith
Compiling package std_logic_signed
Compiling package textio
Compiling package bip_utils_pkg_v2_0
Compiling package mult_gen_pkg_v11_2
Compiling package std_logic_unsigned
Compiling architecture behavioral of entity mult_gen_v11_2 [\mult_gen_v11_2(0,0,"virtex4",8,...]
Compiling architecture multiply_a of entity Multiply [multiply_default]
Compiling architecture behavioral of entity fifo_generator_v9_3_bhv_as [\fifo_generator_v9_3_bhv_as(8,"0...]
Compiling architecture behavioral of entity fifo_generator_v9_3_conv [\fifo_generator_v9_3_conv(0,0,10...]
Compiling architecture behavioral of entity fifo_generator_v9_3 [\fifo_generator_v9_3(0,0,10,"Bla...]
Compiling architecture fifo_a of entity FIFO [fifo_default]
Compiling architecture behavioral of entity LineBuf [linebuf_default]
Compiling architecture behavior of entity linebuf_tb
Time Resolution for simulation is 1ps.
Waiting for 9 sub-compilation(s) to finish...
Compiled 24 VHDL Units
Built simulation executable C:/Users/m/Desktop/OH/PLB/LABOR/SPI_EMPFAENGER/LineBuf/LineBuf_TB_isim_beh.exe
Fuse Memory Usage: 43804 KB
Fuse CPU Usage: 1655 ms
