ISim log file
Running: C:\Users\m\Desktop\OH\PLB\LABOR\SPI_EMPFAENGER\LineBuf\LineBuf_TB_isim_beh.exe -intstyle ise -gui -tclbatch isim.cmd -wdb C:/Users/m/Desktop/OH/PLB/LABOR/SPI_EMPFAENGER/LineBuf/LineBuf_TB_isim_beh.wdb 
ISim P.20131013 (signature 0x7708f090)
WARNING: A WEBPACK license was found.
WARNING: Please use Xilinx License Configuration Manager to check out a full ISim license.
WARNING: ISim will run in Lite mode. Please refer to the ISim documentation for more information on the differences between the Lite and the Full version.
This is a Lite version of ISim.
Time resolution is 1 ps
# onerror resume
# wave add /
# run 1000 ns
Simulator is doing circuit initialization process.
at 0 ps: Note: WARNING: Behavioral models for independent clock FIFO configurations do not model synchronization delays. The behavioral models are functionally correct, and will represent the behavior of the configured FIFO. See the FIFO Generator User Guide for more information. (/linebuf_tb/uut/U_FIFO/U0/gconvfifo/inst_conv_fifo/).
Finished circuit initialization process.
at 0 ps, Instance /linebuf_tb/ : Warning: NUMERIC_STD."=": metavalue detected, returning FALSE
at 0 ps, Instance /linebuf_tb/ : Warning: NUMERIC_STD."=": metavalue detected, returning FALSE
at 0 ps, Instance /linebuf_tb/uut/U_Multiply/U0/ : Warning: There is an 'U'|'X'|'W'|'Z'|'-' in an arithmetic operand, the result will be 'X'(es).
# restart
# run 40us
Simulator is doing circuit initialization process.
at 0 ps: Note: WARNING: Behavioral models for independent clock FIFO configurations do not model synchronization delays. The behavioral models are functionally correct, and will represent the behavior of the configured FIFO. See the FIFO Generator User Guide for more information. (/linebuf_tb/uut/U_FIFO/U0/gconvfifo/inst_conv_fifo/).
Finished circuit initialization process.
at 0 ps, Instance /linebuf_tb/ : Warning: NUMERIC_STD."=": metavalue detected, returning FALSE
at 0 ps, Instance /linebuf_tb/ : Warning: NUMERIC_STD."=": metavalue detected, returning FALSE
# restart
# run 40us
Simulator is doing circuit initialization process.
at 0 ps: Note: WARNING: Behavioral models for independent clock FIFO configurations do not model synchronization delays. The behavioral models are functionally correct, and will represent the behavior of the configured FIFO. See the FIFO Generator User Guide for more information. (/linebuf_tb/uut/U_FIFO/U0/gconvfifo/inst_conv_fifo/).
Finished circuit initialization process.
at 0 ps, Instance /linebuf_tb/ : Warning: NUMERIC_STD."=": metavalue detected, returning FALSE
at 0 ps, Instance /linebuf_tb/ : Warning: NUMERIC_STD."=": metavalue detected, returning FALSE
ISim P.20131013 (signature 0x7708f090)
WARNING: A WEBPACK license was found.
WARNING: Please use Xilinx License Configuration Manager to check out a full ISim license.
WARNING: ISim will run in Lite mode. Please refer to the ISim documentation for more information on the differences between the Lite and the Full version.
This is a Lite version of ISim.
# run 1000 ns
Simulator is doing circuit initialization process.
at 0 ps: Note: WARNING: Behavioral models for independent clock FIFO configurations do not model synchronization delays. The behavioral models are functionally correct, and will represent the behavior of the configured FIFO. See the FIFO Generator User Guide for more information. (/linebuf_tb/uut/U_FIFO/U0/gconvfifo/inst_conv_fifo/).
Finished circuit initialization process.
at 0 ps, Instance /linebuf_tb/ : Warning: NUMERIC_STD."=": metavalue detected, returning FALSE
at 0 ps, Instance /linebuf_tb/ : Warning: NUMERIC_STD."=": metavalue detected, returning FALSE
at 0 ps, Instance /linebuf_tb/uut/U_Multiply/U0/ : Warning: There is an 'U'|'X'|'W'|'Z'|'-' in an arithmetic operand, the result will be 'X'(es).
# restart
# run 40us
Simulator is doing circuit initialization process.
at 0 ps: Note: WARNING: Behavioral models for independent clock FIFO configurations do not model synchronization delays. The behavioral models are functionally correct, and will represent the behavior of the configured FIFO. See the FIFO Generator User Guide for more information. (/linebuf_tb/uut/U_FIFO/U0/gconvfifo/inst_conv_fifo/).
Finished circuit initialization process.
at 0 ps, Instance /linebuf_tb/ : Warning: NUMERIC_STD."=": metavalue detected, returning FALSE
at 0 ps, Instance /linebuf_tb/ : Warning: NUMERIC_STD."=": metavalue detected, returning FALSE
ISim P.20131013 (signature 0x7708f090)
WARNING: A WEBPACK license was found.
WARNING: Please use Xilinx License Configuration Manager to check out a full ISim license.
WARNING: ISim will run in Lite mode. Please refer to the ISim documentation for more information on the differences between the Lite and the Full version.
This is a Lite version of ISim.
# run 1000 ns
Simulator is doing circuit initialization process.
at 0 ps: Note: WARNING: Behavioral models for independent clock FIFO configurations do not model synchronization delays. The behavioral models are functionally correct, and will represent the behavior of the configured FIFO. See the FIFO Generator User Guide for more information. (/linebuf_tb/uut/U_FIFO/U0/gconvfifo/inst_conv_fifo/).
Finished circuit initialization process.
at 0 ps, Instance /linebuf_tb/ : Warning: NUMERIC_STD."=": metavalue detected, returning FALSE
at 0 ps, Instance /linebuf_tb/ : Warning: NUMERIC_STD."=": metavalue detected, returning FALSE
at 0 ps, Instance /linebuf_tb/uut/U_Multiply/U0/ : Warning: There is an 'U'|'X'|'W'|'Z'|'-' in an arithmetic operand, the result will be 'X'(es).
# restart
# run 40us
Simulator is doing circuit initialization process.
at 0 ps: Note: WARNING: Behavioral models for independent clock FIFO configurations do not model synchronization delays. The behavioral models are functionally correct, and will represent the behavior of the configured FIFO. See the FIFO Generator User Guide for more information. (/linebuf_tb/uut/U_FIFO/U0/gconvfifo/inst_conv_fifo/).
Finished circuit initialization process.
at 0 ps, Instance /linebuf_tb/ : Warning: NUMERIC_STD."=": metavalue detected, returning FALSE
at 0 ps, Instance /linebuf_tb/ : Warning: NUMERIC_STD."=": metavalue detected, returning FALSE
ISim P.20131013 (signature 0x7708f090)
WARNING: A WEBPACK license was found.
WARNING: Please use Xilinx License Configuration Manager to check out a full ISim license.
WARNING: ISim will run in Lite mode. Please refer to the ISim documentation for more information on the differences between the Lite and the Full version.
This is a Lite version of ISim.
# run 1000 ns
Simulator is doing circuit initialization process.
at 0 ps: Note: WARNING: Behavioral models for independent clock FIFO configurations do not model synchronization delays. The behavioral models are functionally correct, and will represent the behavior of the configured FIFO. See the FIFO Generator User Guide for more information. (/linebuf_tb/uut/U_FIFO/U0/gconvfifo/inst_conv_fifo/).
Finished circuit initialization process.
at 0 ps, Instance /linebuf_tb/ : Warning: NUMERIC_STD."=": metavalue detected, returning FALSE
at 0 ps, Instance /linebuf_tb/ : Warning: NUMERIC_STD."=": metavalue detected, returning FALSE
at 0 ps, Instance /linebuf_tb/uut/U_Multiply/U0/ : Warning: There is an 'U'|'X'|'W'|'Z'|'-' in an arithmetic operand, the result will be 'X'(es).
# restart
# run 40us
Simulator is doing circuit initialization process.
at 0 ps: Note: WARNING: Behavioral models for independent clock FIFO configurations do not model synchronization delays. The behavioral models are functionally correct, and will represent the behavior of the configured FIFO. See the FIFO Generator User Guide for more information. (/linebuf_tb/uut/U_FIFO/U0/gconvfifo/inst_conv_fifo/).
Finished circuit initialization process.
at 0 ps, Instance /linebuf_tb/ : Warning: NUMERIC_STD."=": metavalue detected, returning FALSE
at 0 ps, Instance /linebuf_tb/ : Warning: NUMERIC_STD."=": metavalue detected, returning FALSE
ISim P.20131013 (signature 0x7708f090)
WARNING: A WEBPACK license was found.
WARNING: Please use Xilinx License Configuration Manager to check out a full ISim license.
WARNING: ISim will run in Lite mode. Please refer to the ISim documentation for more information on the differences between the Lite and the Full version.
This is a Lite version of ISim.
# run 1000 ns
Simulator is doing circuit initialization process.
at 0 ps: Note: WARNING: Behavioral models for independent clock FIFO configurations do not model synchronization delays. The behavioral models are functionally correct, and will represent the behavior of the configured FIFO. See the FIFO Generator User Guide for more information. (/linebuf_tb/uut/U_FIFO/U0/gconvfifo/inst_conv_fifo/).
Finished circuit initialization process.
at 0 ps, Instance /linebuf_tb/ : Warning: NUMERIC_STD."=": metavalue detected, returning FALSE
at 0 ps, Instance /linebuf_tb/ : Warning: NUMERIC_STD."=": metavalue detected, returning FALSE
at 0 ps, Instance /linebuf_tb/uut/U_Multiply/U0/ : Warning: There is an 'U'|'X'|'W'|'Z'|'-' in an arithmetic operand, the result will be 'X'(es).
# restart
# run 40us
Simulator is doing circuit initialization process.
at 0 ps: Note: WARNING: Behavioral models for independent clock FIFO configurations do not model synchronization delays. The behavioral models are functionally correct, and will represent the behavior of the configured FIFO. See the FIFO Generator User Guide for more information. (/linebuf_tb/uut/U_FIFO/U0/gconvfifo/inst_conv_fifo/).
Finished circuit initialization process.
at 0 ps, Instance /linebuf_tb/ : Warning: NUMERIC_STD."=": metavalue detected, returning FALSE
at 0 ps, Instance /linebuf_tb/ : Warning: NUMERIC_STD."=": metavalue detected, returning FALSE
ISim P.20131013 (signature 0x7708f090)
WARNING: A WEBPACK license was found.
WARNING: Please use Xilinx License Configuration Manager to check out a full ISim license.
WARNING: ISim will run in Lite mode. Please refer to the ISim documentation for more information on the differences between the Lite and the Full version.
This is a Lite version of ISim.
# run 1000 ns
Simulator is doing circuit initialization process.
at 0 ps: Note: WARNING: Behavioral models for independent clock FIFO configurations do not model synchronization delays. The behavioral models are functionally correct, and will represent the behavior of the configured FIFO. See the FIFO Generator User Guide for more information. (/linebuf_tb/uut/U_FIFO/U0/gconvfifo/inst_conv_fifo/).
Finished circuit initialization process.
at 0 ps, Instance /linebuf_tb/ : Warning: NUMERIC_STD."=": metavalue detected, returning FALSE
at 0 ps, Instance /linebuf_tb/ : Warning: NUMERIC_STD."=": metavalue detected, returning FALSE
at 0 ps, Instance /linebuf_tb/uut/U_Multiply/U0/ : Warning: There is an 'U'|'X'|'W'|'Z'|'-' in an arithmetic operand, the result will be 'X'(es).
# restart
# run 40us
Simulator is doing circuit initialization process.
at 0 ps: Note: WARNING: Behavioral models for independent clock FIFO configurations do not model synchronization delays. The behavioral models are functionally correct, and will represent the behavior of the configured FIFO. See the FIFO Generator User Guide for more information. (/linebuf_tb/uut/U_FIFO/U0/gconvfifo/inst_conv_fifo/).
Finished circuit initialization process.
at 0 ps, Instance /linebuf_tb/ : Warning: NUMERIC_STD."=": metavalue detected, returning FALSE
at 0 ps, Instance /linebuf_tb/ : Warning: NUMERIC_STD."=": metavalue detected, returning FALSE
ISim P.20131013 (signature 0x7708f090)
WARNING: A WEBPACK license was found.
WARNING: Please use Xilinx License Configuration Manager to check out a full ISim license.
WARNING: ISim will run in Lite mode. Please refer to the ISim documentation for more information on the differences between the Lite and the Full version.
This is a Lite version of ISim.
# run 1000 ns
Simulator is doing circuit initialization process.
at 0 ps: Note: WARNING: Behavioral models for independent clock FIFO configurations do not model synchronization delays. The behavioral models are functionally correct, and will represent the behavior of the configured FIFO. See the FIFO Generator User Guide for more information. (/linebuf_tb/uut/U_FIFO/U0/gconvfifo/inst_conv_fifo/).
Finished circuit initialization process.
at 0 ps, Instance /linebuf_tb/ : Warning: NUMERIC_STD."=": metavalue detected, returning FALSE
at 0 ps, Instance /linebuf_tb/ : Warning: NUMERIC_STD."=": metavalue detected, returning FALSE
at 0 ps, Instance /linebuf_tb/uut/U_Multiply/U0/ : Warning: There is an 'U'|'X'|'W'|'Z'|'-' in an arithmetic operand, the result will be 'X'(es).
# restart
# run 40us
Simulator is doing circuit initialization process.
at 0 ps: Note: WARNING: Behavioral models for independent clock FIFO configurations do not model synchronization delays. The behavioral models are functionally correct, and will represent the behavior of the configured FIFO. See the FIFO Generator User Guide for more information. (/linebuf_tb/uut/U_FIFO/U0/gconvfifo/inst_conv_fifo/).
Finished circuit initialization process.
at 0 ps, Instance /linebuf_tb/ : Warning: NUMERIC_STD."=": metavalue detected, returning FALSE
at 0 ps, Instance /linebuf_tb/ : Warning: NUMERIC_STD."=": metavalue detected, returning FALSE
ISim P.20131013 (signature 0x7708f090)
WARNING: A WEBPACK license was found.
WARNING: Please use Xilinx License Configuration Manager to check out a full ISim license.
WARNING: ISim will run in Lite mode. Please refer to the ISim documentation for more information on the differences between the Lite and the Full version.
This is a Lite version of ISim.
# run 1000 ns
Simulator is doing circuit initialization process.
at 0 ps: Note: WARNING: Behavioral models for independent clock FIFO configurations do not model synchronization delays. The behavioral models are functionally correct, and will represent the behavior of the configured FIFO. See the FIFO Generator User Guide for more information. (/linebuf_tb/uut/U_FIFO/U0/gconvfifo/inst_conv_fifo/).
Finished circuit initialization process.
at 0 ps, Instance /linebuf_tb/ : Warning: NUMERIC_STD."=": metavalue detected, returning FALSE
at 0 ps, Instance /linebuf_tb/ : Warning: NUMERIC_STD."=": metavalue detected, returning FALSE
at 0 ps, Instance /linebuf_tb/uut/U_Multiply/U0/ : Warning: There is an 'U'|'X'|'W'|'Z'|'-' in an arithmetic operand, the result will be 'X'(es).
# restart
# run 40us
Simulator is doing circuit initialization process.
at 0 ps: Note: WARNING: Behavioral models for independent clock FIFO configurations do not model synchronization delays. The behavioral models are functionally correct, and will represent the behavior of the configured FIFO. See the FIFO Generator User Guide for more information. (/linebuf_tb/uut/U_FIFO/U0/gconvfifo/inst_conv_fifo/).
Finished circuit initialization process.
at 0 ps, Instance /linebuf_tb/ : Warning: NUMERIC_STD."=": metavalue detected, returning FALSE
at 0 ps, Instance /linebuf_tb/ : Warning: NUMERIC_STD."=": metavalue detected, returning FALSE
ISim P.20131013 (signature 0x7708f090)
WARNING: A WEBPACK license was found.
WARNING: Please use Xilinx License Configuration Manager to check out a full ISim license.
WARNING: ISim will run in Lite mode. Please refer to the ISim documentation for more information on the differences between the Lite and the Full version.
This is a Lite version of ISim.
# run 1000 ns
Simulator is doing circuit initialization process.
at 0 ps: Note: WARNING: Behavioral models for independent clock FIFO configurations do not model synchronization delays. The behavioral models are functionally correct, and will represent the behavior of the configured FIFO. See the FIFO Generator User Guide for more information. (/linebuf_tb/uut/U_FIFO/U0/gconvfifo/inst_conv_fifo/).
Finished circuit initialization process.
at 0 ps, Instance /linebuf_tb/ : Warning: NUMERIC_STD."=": metavalue detected, returning FALSE
at 0 ps, Instance /linebuf_tb/ : Warning: NUMERIC_STD."=": metavalue detected, returning FALSE
at 0 ps, Instance /linebuf_tb/uut/U_Multiply/U0/ : Warning: There is an 'U'|'X'|'W'|'Z'|'-' in an arithmetic operand, the result will be 'X'(es).
# restart
# run 40us
Simulator is doing circuit initialization process.
at 0 ps: Note: WARNING: Behavioral models for independent clock FIFO configurations do not model synchronization delays. The behavioral models are functionally correct, and will represent the behavior of the configured FIFO. See the FIFO Generator User Guide for more information. (/linebuf_tb/uut/U_FIFO/U0/gconvfifo/inst_conv_fifo/).
Finished circuit initialization process.
at 0 ps, Instance /linebuf_tb/ : Warning: NUMERIC_STD."=": metavalue detected, returning FALSE
at 0 ps, Instance /linebuf_tb/ : Warning: NUMERIC_STD."=": metavalue detected, returning FALSE
ISim P.20131013 (signature 0x7708f090)
WARNING: A WEBPACK license was found.
WARNING: Please use Xilinx License Configuration Manager to check out a full ISim license.
WARNING: ISim will run in Lite mode. Please refer to the ISim documentation for more information on the differences between the Lite and the Full version.
This is a Lite version of ISim.
# run 1000 ns
Simulator is doing circuit initialization process.
at 0 ps: Note: WARNING: Behavioral models for independent clock FIFO configurations do not model synchronization delays. The behavioral models are functionally correct, and will represent the behavior of the configured FIFO. See the FIFO Generator User Guide for more information. (/linebuf_tb/uut/U_FIFO/U0/gconvfifo/inst_conv_fifo/).
Finished circuit initialization process.
at 0 ps, Instance /linebuf_tb/ : Warning: NUMERIC_STD."=": metavalue detected, returning FALSE
at 0 ps, Instance /linebuf_tb/ : Warning: NUMERIC_STD."=": metavalue detected, returning FALSE
at 0 ps, Instance /linebuf_tb/uut/U_Multiply/U0/ : Warning: There is an 'U'|'X'|'W'|'Z'|'-' in an arithmetic operand, the result will be 'X'(es).
# restart
# run 40us
Simulator is doing circuit initialization process.
at 0 ps: Note: WARNING: Behavioral models for independent clock FIFO configurations do not model synchronization delays. The behavioral models are functionally correct, and will represent the behavior of the configured FIFO. See the FIFO Generator User Guide for more information. (/linebuf_tb/uut/U_FIFO/U0/gconvfifo/inst_conv_fifo/).
Finished circuit initialization process.
at 0 ps, Instance /linebuf_tb/ : Warning: NUMERIC_STD."=": metavalue detected, returning FALSE
at 0 ps, Instance /linebuf_tb/ : Warning: NUMERIC_STD."=": metavalue detected, returning FALSE
ISim P.20131013 (signature 0x7708f090)
WARNING: A WEBPACK license was found.
WARNING: Please use Xilinx License Configuration Manager to check out a full ISim license.
WARNING: ISim will run in Lite mode. Please refer to the ISim documentation for more information on the differences between the Lite and the Full version.
This is a Lite version of ISim.
# run 1000 ns
Simulator is doing circuit initialization process.
at 0 ps: Note: WARNING: Behavioral models for independent clock FIFO configurations do not model synchronization delays. The behavioral models are functionally correct, and will represent the behavior of the configured FIFO. See the FIFO Generator User Guide for more information. (/linebuf_tb/uut/U_FIFO/U0/gconvfifo/inst_conv_fifo/).
Finished circuit initialization process.
at 0 ps, Instance /linebuf_tb/ : Warning: NUMERIC_STD."=": metavalue detected, returning FALSE
at 0 ps, Instance /linebuf_tb/ : Warning: NUMERIC_STD."=": metavalue detected, returning FALSE
at 0 ps, Instance /linebuf_tb/uut/U_Multiply/U0/ : Warning: There is an 'U'|'X'|'W'|'Z'|'-' in an arithmetic operand, the result will be 'X'(es).
# restart
# run 40us
Simulator is doing circuit initialization process.
at 0 ps: Note: WARNING: Behavioral models for independent clock FIFO configurations do not model synchronization delays. The behavioral models are functionally correct, and will represent the behavior of the configured FIFO. See the FIFO Generator User Guide for more information. (/linebuf_tb/uut/U_FIFO/U0/gconvfifo/inst_conv_fifo/).
Finished circuit initialization process.
at 0 ps, Instance /linebuf_tb/ : Warning: NUMERIC_STD."=": metavalue detected, returning FALSE
at 0 ps, Instance /linebuf_tb/ : Warning: NUMERIC_STD."=": metavalue detected, returning FALSE
ISim P.20131013 (signature 0x7708f090)
WARNING: A WEBPACK license was found.
WARNING: Please use Xilinx License Configuration Manager to check out a full ISim license.
WARNING: ISim will run in Lite mode. Please refer to the ISim documentation for more information on the differences between the Lite and the Full version.
This is a Lite version of ISim.
# run 1000 ns
Simulator is doing circuit initialization process.
at 0 ps: Note: WARNING: Behavioral models for independent clock FIFO configurations do not model synchronization delays. The behavioral models are functionally correct, and will represent the behavior of the configured FIFO. See the FIFO Generator User Guide for more information. (/linebuf_tb/uut/U_FIFO/U0/gconvfifo/inst_conv_fifo/).
Finished circuit initialization process.
at 0 ps, Instance /linebuf_tb/ : Warning: NUMERIC_STD."=": metavalue detected, returning FALSE
at 0 ps, Instance /linebuf_tb/ : Warning: NUMERIC_STD."=": metavalue detected, returning FALSE
at 0 ps, Instance /linebuf_tb/uut/U_Multiply/U0/ : Warning: There is an 'U'|'X'|'W'|'Z'|'-' in an arithmetic operand, the result will be 'X'(es).
# restart
# run 40us
Simulator is doing circuit initialization process.
at 0 ps: Note: WARNING: Behavioral models for independent clock FIFO configurations do not model synchronization delays. The behavioral models are functionally correct, and will represent the behavior of the configured FIFO. See the FIFO Generator User Guide for more information. (/linebuf_tb/uut/U_FIFO/U0/gconvfifo/inst_conv_fifo/).
Finished circuit initialization process.
at 0 ps, Instance /linebuf_tb/ : Warning: NUMERIC_STD."=": metavalue detected, returning FALSE
at 0 ps, Instance /linebuf_tb/ : Warning: NUMERIC_STD."=": metavalue detected, returning FALSE
ISim P.20131013 (signature 0x7708f090)
WARNING: A WEBPACK license was found.
WARNING: Please use Xilinx License Configuration Manager to check out a full ISim license.
WARNING: ISim will run in Lite mode. Please refer to the ISim documentation for more information on the differences between the Lite and the Full version.
This is a Lite version of ISim.
# run 1000 ns
Simulator is doing circuit initialization process.
at 0 ps: Note: WARNING: Behavioral models for independent clock FIFO configurations do not model synchronization delays. The behavioral models are functionally correct, and will represent the behavior of the configured FIFO. See the FIFO Generator User Guide for more information. (/linebuf_tb/uut/U_FIFO/U0/gconvfifo/inst_conv_fifo/).
Finished circuit initialization process.
at 0 ps, Instance /linebuf_tb/ : Warning: NUMERIC_STD."=": metavalue detected, returning FALSE
at 0 ps, Instance /linebuf_tb/ : Warning: NUMERIC_STD."=": metavalue detected, returning FALSE
at 0 ps, Instance /linebuf_tb/uut/U_Multiply/U0/ : Warning: There is an 'U'|'X'|'W'|'Z'|'-' in an arithmetic operand, the result will be 'X'(es).
# restart
# run 40us
Simulator is doing circuit initialization process.
at 0 ps: Note: WARNING: Behavioral models for independent clock FIFO configurations do not model synchronization delays. The behavioral models are functionally correct, and will represent the behavior of the configured FIFO. See the FIFO Generator User Guide for more information. (/linebuf_tb/uut/U_FIFO/U0/gconvfifo/inst_conv_fifo/).
Finished circuit initialization process.
at 0 ps, Instance /linebuf_tb/ : Warning: NUMERIC_STD."=": metavalue detected, returning FALSE
at 0 ps, Instance /linebuf_tb/ : Warning: NUMERIC_STD."=": metavalue detected, returning FALSE
ISim P.20131013 (signature 0x7708f090)
WARNING: A WEBPACK license was found.
WARNING: Please use Xilinx License Configuration Manager to check out a full ISim license.
WARNING: ISim will run in Lite mode. Please refer to the ISim documentation for more information on the differences between the Lite and the Full version.
This is a Lite version of ISim.
# run 1000 ns
Simulator is doing circuit initialization process.
at 0 ps: Note: WARNING: Behavioral models for independent clock FIFO configurations do not model synchronization delays. The behavioral models are functionally correct, and will represent the behavior of the configured FIFO. See the FIFO Generator User Guide for more information. (/linebuf_tb/uut/U_FIFO/U0/gconvfifo/inst_conv_fifo/).
Finished circuit initialization process.
at 0 ps, Instance /linebuf_tb/ : Warning: NUMERIC_STD."=": metavalue detected, returning FALSE
at 0 ps, Instance /linebuf_tb/ : Warning: NUMERIC_STD."=": metavalue detected, returning FALSE
at 0 ps, Instance /linebuf_tb/uut/U_Multiply/U0/ : Warning: There is an 'U'|'X'|'W'|'Z'|'-' in an arithmetic operand, the result will be 'X'(es).
# restart
# run 40us
Simulator is doing circuit initialization process.
at 0 ps: Note: WARNING: Behavioral models for independent clock FIFO configurations do not model synchronization delays. The behavioral models are functionally correct, and will represent the behavior of the configured FIFO. See the FIFO Generator User Guide for more information. (/linebuf_tb/uut/U_FIFO/U0/gconvfifo/inst_conv_fifo/).
Finished circuit initialization process.
at 0 ps, Instance /linebuf_tb/ : Warning: NUMERIC_STD."=": metavalue detected, returning FALSE
at 0 ps, Instance /linebuf_tb/ : Warning: NUMERIC_STD."=": metavalue detected, returning FALSE
ISim P.20131013 (signature 0x7708f090)
WARNING: A WEBPACK license was found.
WARNING: Please use Xilinx License Configuration Manager to check out a full ISim license.
WARNING: ISim will run in Lite mode. Please refer to the ISim documentation for more information on the differences between the Lite and the Full version.
This is a Lite version of ISim.
# run 1000 ns
Simulator is doing circuit initialization process.
at 0 ps: Note: WARNING: Behavioral models for independent clock FIFO configurations do not model synchronization delays. The behavioral models are functionally correct, and will represent the behavior of the configured FIFO. See the FIFO Generator User Guide for more information. (/linebuf_tb/uut/U_FIFO/U0/gconvfifo/inst_conv_fifo/).
Finished circuit initialization process.
at 0 ps, Instance /linebuf_tb/ : Warning: NUMERIC_STD."=": metavalue detected, returning FALSE
at 0 ps, Instance /linebuf_tb/ : Warning: NUMERIC_STD."=": metavalue detected, returning FALSE
at 0 ps, Instance /linebuf_tb/uut/U_Multiply/U0/ : Warning: There is an 'U'|'X'|'W'|'Z'|'-' in an arithmetic operand, the result will be 'X'(es).
# restart
# run 40us
Simulator is doing circuit initialization process.
at 0 ps: Note: WARNING: Behavioral models for independent clock FIFO configurations do not model synchronization delays. The behavioral models are functionally correct, and will represent the behavior of the configured FIFO. See the FIFO Generator User Guide for more information. (/linebuf_tb/uut/U_FIFO/U0/gconvfifo/inst_conv_fifo/).
Finished circuit initialization process.
at 0 ps, Instance /linebuf_tb/ : Warning: NUMERIC_STD."=": metavalue detected, returning FALSE
at 0 ps, Instance /linebuf_tb/ : Warning: NUMERIC_STD."=": metavalue detected, returning FALSE
ISim P.20131013 (signature 0x7708f090)
WARNING: A WEBPACK license was found.
WARNING: Please use Xilinx License Configuration Manager to check out a full ISim license.
WARNING: ISim will run in Lite mode. Please refer to the ISim documentation for more information on the differences between the Lite and the Full version.
This is a Lite version of ISim.
# run 1000 ns
Simulator is doing circuit initialization process.
at 0 ps: Note: WARNING: Behavioral models for independent clock FIFO configurations do not model synchronization delays. The behavioral models are functionally correct, and will represent the behavior of the configured FIFO. See the FIFO Generator User Guide for more information. (/linebuf_tb/uut/U_FIFO/U0/gconvfifo/inst_conv_fifo/).
Finished circuit initialization process.
at 0 ps, Instance /linebuf_tb/ : Warning: NUMERIC_STD."=": metavalue detected, returning FALSE
at 0 ps, Instance /linebuf_tb/ : Warning: NUMERIC_STD."=": metavalue detected, returning FALSE
at 0 ps, Instance /linebuf_tb/uut/U_Multiply/U0/ : Warning: There is an 'U'|'X'|'W'|'Z'|'-' in an arithmetic operand, the result will be 'X'(es).
# restart
# run 40us
Simulator is doing circuit initialization process.
at 0 ps: Note: WARNING: Behavioral models for independent clock FIFO configurations do not model synchronization delays. The behavioral models are functionally correct, and will represent the behavior of the configured FIFO. See the FIFO Generator User Guide for more information. (/linebuf_tb/uut/U_FIFO/U0/gconvfifo/inst_conv_fifo/).
Finished circuit initialization process.
at 0 ps, Instance /linebuf_tb/ : Warning: NUMERIC_STD."=": metavalue detected, returning FALSE
at 0 ps, Instance /linebuf_tb/ : Warning: NUMERIC_STD."=": metavalue detected, returning FALSE
ISim P.20131013 (signature 0x7708f090)
WARNING: A WEBPACK license was found.
WARNING: Please use Xilinx License Configuration Manager to check out a full ISim license.
WARNING: ISim will run in Lite mode. Please refer to the ISim documentation for more information on the differences between the Lite and the Full version.
This is a Lite version of ISim.
# run 1000 ns
Simulator is doing circuit initialization process.
at 0 ps: Note: WARNING: Behavioral models for independent clock FIFO configurations do not model synchronization delays. The behavioral models are functionally correct, and will represent the behavior of the configured FIFO. See the FIFO Generator User Guide for more information. (/linebuf_tb/uut/U_FIFO/U0/gconvfifo/inst_conv_fifo/).
Finished circuit initialization process.
at 0 ps, Instance /linebuf_tb/ : Warning: NUMERIC_STD."=": metavalue detected, returning FALSE
at 0 ps, Instance /linebuf_tb/ : Warning: NUMERIC_STD."=": metavalue detected, returning FALSE
at 0 ps, Instance /linebuf_tb/uut/U_Multiply/U0/ : Warning: There is an 'U'|'X'|'W'|'Z'|'-' in an arithmetic operand, the result will be 'X'(es).
# restart
# run 40us
Simulator is doing circuit initialization process.
at 0 ps: Note: WARNING: Behavioral models for independent clock FIFO configurations do not model synchronization delays. The behavioral models are functionally correct, and will represent the behavior of the configured FIFO. See the FIFO Generator User Guide for more information. (/linebuf_tb/uut/U_FIFO/U0/gconvfifo/inst_conv_fifo/).
Finished circuit initialization process.
at 0 ps, Instance /linebuf_tb/ : Warning: NUMERIC_STD."=": metavalue detected, returning FALSE
at 0 ps, Instance /linebuf_tb/ : Warning: NUMERIC_STD."=": metavalue detected, returning FALSE
ISim P.20131013 (signature 0x7708f090)
WARNING: A WEBPACK license was found.
WARNING: Please use Xilinx License Configuration Manager to check out a full ISim license.
WARNING: ISim will run in Lite mode. Please refer to the ISim documentation for more information on the differences between the Lite and the Full version.
This is a Lite version of ISim.
# run 1000 ns
Simulator is doing circuit initialization process.
at 0 ps: Note: WARNING: Behavioral models for independent clock FIFO configurations do not model synchronization delays. The behavioral models are functionally correct, and will represent the behavior of the configured FIFO. See the FIFO Generator User Guide for more information. (/linebuf_tb/uut/U_FIFO/U0/gconvfifo/inst_conv_fifo/).
Finished circuit initialization process.
at 0 ps, Instance /linebuf_tb/ : Warning: NUMERIC_STD."=": metavalue detected, returning FALSE
at 0 ps, Instance /linebuf_tb/ : Warning: NUMERIC_STD."=": metavalue detected, returning FALSE
at 0 ps, Instance /linebuf_tb/uut/U_Multiply/U0/ : Warning: There is an 'U'|'X'|'W'|'Z'|'-' in an arithmetic operand, the result will be 'X'(es).
# restart
# run 40us
Simulator is doing circuit initialization process.
at 0 ps: Note: WARNING: Behavioral models for independent clock FIFO configurations do not model synchronization delays. The behavioral models are functionally correct, and will represent the behavior of the configured FIFO. See the FIFO Generator User Guide for more information. (/linebuf_tb/uut/U_FIFO/U0/gconvfifo/inst_conv_fifo/).
Finished circuit initialization process.
at 0 ps, Instance /linebuf_tb/ : Warning: NUMERIC_STD."=": metavalue detected, returning FALSE
at 0 ps, Instance /linebuf_tb/ : Warning: NUMERIC_STD."=": metavalue detected, returning FALSE
ISim P.20131013 (signature 0x7708f090)
WARNING: A WEBPACK license was found.
WARNING: Please use Xilinx License Configuration Manager to check out a full ISim license.
WARNING: ISim will run in Lite mode. Please refer to the ISim documentation for more information on the differences between the Lite and the Full version.
This is a Lite version of ISim.
# run 1000 ns
Simulator is doing circuit initialization process.
at 0 ps: Note: WARNING: Behavioral models for independent clock FIFO configurations do not model synchronization delays. The behavioral models are functionally correct, and will represent the behavior of the configured FIFO. See the FIFO Generator User Guide for more information. (/linebuf_tb/uut/U_FIFO/U0/gconvfifo/inst_conv_fifo/).
Finished circuit initialization process.
at 0 ps, Instance /linebuf_tb/ : Warning: NUMERIC_STD."=": metavalue detected, returning FALSE
at 0 ps, Instance /linebuf_tb/ : Warning: NUMERIC_STD."=": metavalue detected, returning FALSE
at 0 ps, Instance /linebuf_tb/uut/U_Multiply/U0/ : Warning: There is an 'U'|'X'|'W'|'Z'|'-' in an arithmetic operand, the result will be 'X'(es).
ISim P.20131013 (signature 0x7708f090)
WARNING: A WEBPACK license was found.
WARNING: Please use Xilinx License Configuration Manager to check out a full ISim license.
WARNING: ISim will run in Lite mode. Please refer to the ISim documentation for more information on the differences between the Lite and the Full version.
This is a Lite version of ISim.
# run 1000 ns
Simulator is doing circuit initialization process.
at 0 ps: Note: WARNING: Behavioral models for independent clock FIFO configurations do not model synchronization delays. The behavioral models are functionally correct, and will represent the behavior of the configured FIFO. See the FIFO Generator User Guide for more information. (/linebuf_tb/uut/U_FIFO/U0/gconvfifo/inst_conv_fifo/).
Finished circuit initialization process.
at 0 ps, Instance /linebuf_tb/ : Warning: NUMERIC_STD."=": metavalue detected, returning FALSE
at 0 ps, Instance /linebuf_tb/ : Warning: NUMERIC_STD."=": metavalue detected, returning FALSE
at 0 ps, Instance /linebuf_tb/uut/U_Multiply/U0/ : Warning: There is an 'U'|'X'|'W'|'Z'|'-' in an arithmetic operand, the result will be 'X'(es).
# restart
# run 40us
Simulator is doing circuit initialization process.
at 0 ps: Note: WARNING: Behavioral models for independent clock FIFO configurations do not model synchronization delays. The behavioral models are functionally correct, and will represent the behavior of the configured FIFO. See the FIFO Generator User Guide for more information. (/linebuf_tb/uut/U_FIFO/U0/gconvfifo/inst_conv_fifo/).
Finished circuit initialization process.
at 0 ps, Instance /linebuf_tb/ : Warning: NUMERIC_STD."=": metavalue detected, returning FALSE
at 0 ps, Instance /linebuf_tb/ : Warning: NUMERIC_STD."=": metavalue detected, returning FALSE
# restart
# run 40us
Simulator is doing circuit initialization process.
at 0 ps: Note: WARNING: Behavioral models for independent clock FIFO configurations do not model synchronization delays. The behavioral models are functionally correct, and will represent the behavior of the configured FIFO. See the FIFO Generator User Guide for more information. (/linebuf_tb/uut/U_FIFO/U0/gconvfifo/inst_conv_fifo/).
Finished circuit initialization process.
at 0 ps, Instance /linebuf_tb/ : Warning: NUMERIC_STD."=": metavalue detected, returning FALSE
at 0 ps, Instance /linebuf_tb/ : Warning: NUMERIC_STD."=": metavalue detected, returning FALSE
ISim P.20131013 (signature 0x7708f090)
WARNING: A WEBPACK license was found.
WARNING: Please use Xilinx License Configuration Manager to check out a full ISim license.
WARNING: ISim will run in Lite mode. Please refer to the ISim documentation for more information on the differences between the Lite and the Full version.
This is a Lite version of ISim.
# run 1000 ns
Simulator is doing circuit initialization process.
at 0 ps: Note: WARNING: Behavioral models for independent clock FIFO configurations do not model synchronization delays. The behavioral models are functionally correct, and will represent the behavior of the configured FIFO. See the FIFO Generator User Guide for more information. (/linebuf_tb/uut/U_FIFO/U0/gconvfifo/inst_conv_fifo/).
Finished circuit initialization process.
at 0 ps, Instance /linebuf_tb/ : Warning: NUMERIC_STD."=": metavalue detected, returning FALSE
at 0 ps, Instance /linebuf_tb/ : Warning: NUMERIC_STD."=": metavalue detected, returning FALSE
at 0 ps, Instance /linebuf_tb/uut/U_Multiply/U0/ : Warning: There is an 'U'|'X'|'W'|'Z'|'-' in an arithmetic operand, the result will be 'X'(es).
# restart
# run 40us
Simulator is doing circuit initialization process.
at 0 ps: Note: WARNING: Behavioral models for independent clock FIFO configurations do not model synchronization delays. The behavioral models are functionally correct, and will represent the behavior of the configured FIFO. See the FIFO Generator User Guide for more information. (/linebuf_tb/uut/U_FIFO/U0/gconvfifo/inst_conv_fifo/).
Finished circuit initialization process.
at 0 ps, Instance /linebuf_tb/ : Warning: NUMERIC_STD."=": metavalue detected, returning FALSE
at 0 ps, Instance /linebuf_tb/ : Warning: NUMERIC_STD."=": metavalue detected, returning FALSE
ISim P.20131013 (signature 0x7708f090)
WARNING: A WEBPACK license was found.
WARNING: Please use Xilinx License Configuration Manager to check out a full ISim license.
WARNING: ISim will run in Lite mode. Please refer to the ISim documentation for more information on the differences between the Lite and the Full version.
This is a Lite version of ISim.
# run 1000 ns
Simulator is doing circuit initialization process.
at 0 ps: Note: WARNING: Behavioral models for independent clock FIFO configurations do not model synchronization delays. The behavioral models are functionally correct, and will represent the behavior of the configured FIFO. See the FIFO Generator User Guide for more information. (/linebuf_tb/uut/U_FIFO/U0/gconvfifo/inst_conv_fifo/).
Finished circuit initialization process.
at 0 ps, Instance /linebuf_tb/ : Warning: NUMERIC_STD."=": metavalue detected, returning FALSE
at 0 ps, Instance /linebuf_tb/ : Warning: NUMERIC_STD."=": metavalue detected, returning FALSE
at 0 ps, Instance /linebuf_tb/uut/U_Multiply/U0/ : Warning: There is an 'U'|'X'|'W'|'Z'|'-' in an arithmetic operand, the result will be 'X'(es).
# restart
# run 40us
Simulator is doing circuit initialization process.
at 0 ps: Note: WARNING: Behavioral models for independent clock FIFO configurations do not model synchronization delays. The behavioral models are functionally correct, and will represent the behavior of the configured FIFO. See the FIFO Generator User Guide for more information. (/linebuf_tb/uut/U_FIFO/U0/gconvfifo/inst_conv_fifo/).
Finished circuit initialization process.
at 0 ps, Instance /linebuf_tb/ : Warning: NUMERIC_STD."=": metavalue detected, returning FALSE
at 0 ps, Instance /linebuf_tb/ : Warning: NUMERIC_STD."=": metavalue detected, returning FALSE
ISim P.20131013 (signature 0x7708f090)
WARNING: A WEBPACK license was found.
WARNING: Please use Xilinx License Configuration Manager to check out a full ISim license.
WARNING: ISim will run in Lite mode. Please refer to the ISim documentation for more information on the differences between the Lite and the Full version.
This is a Lite version of ISim.
# run 1000 ns
Simulator is doing circuit initialization process.
at 0 ps: Note: WARNING: Behavioral models for independent clock FIFO configurations do not model synchronization delays. The behavioral models are functionally correct, and will represent the behavior of the configured FIFO. See the FIFO Generator User Guide for more information. (/linebuf_tb/uut/U_FIFO/U0/gconvfifo/inst_conv_fifo/).
Finished circuit initialization process.
at 0 ps, Instance /linebuf_tb/ : Warning: NUMERIC_STD."=": metavalue detected, returning FALSE
at 0 ps, Instance /linebuf_tb/ : Warning: NUMERIC_STD."=": metavalue detected, returning FALSE
at 0 ps, Instance /linebuf_tb/uut/U_Multiply/U0/ : Warning: There is an 'U'|'X'|'W'|'Z'|'-' in an arithmetic operand, the result will be 'X'(es).
# restart
# run 40us
Simulator is doing circuit initialization process.
at 0 ps: Note: WARNING: Behavioral models for independent clock FIFO configurations do not model synchronization delays. The behavioral models are functionally correct, and will represent the behavior of the configured FIFO. See the FIFO Generator User Guide for more information. (/linebuf_tb/uut/U_FIFO/U0/gconvfifo/inst_conv_fifo/).
Finished circuit initialization process.
at 0 ps, Instance /linebuf_tb/ : Warning: NUMERIC_STD."=": metavalue detected, returning FALSE
at 0 ps, Instance /linebuf_tb/ : Warning: NUMERIC_STD."=": metavalue detected, returning FALSE
ISim P.20131013 (signature 0x7708f090)
WARNING: A WEBPACK license was found.
WARNING: Please use Xilinx License Configuration Manager to check out a full ISim license.
WARNING: ISim will run in Lite mode. Please refer to the ISim documentation for more information on the differences between the Lite and the Full version.
This is a Lite version of ISim.
# run 1000 ns
Simulator is doing circuit initialization process.
at 0 ps: Note: WARNING: Behavioral models for independent clock FIFO configurations do not model synchronization delays. The behavioral models are functionally correct, and will represent the behavior of the configured FIFO. See the FIFO Generator User Guide for more information. (/linebuf_tb/uut/U_FIFO/U0/gconvfifo/inst_conv_fifo/).
Finished circuit initialization process.
at 0 ps, Instance /linebuf_tb/ : Warning: NUMERIC_STD."=": metavalue detected, returning FALSE
at 0 ps, Instance /linebuf_tb/ : Warning: NUMERIC_STD."=": metavalue detected, returning FALSE
at 0 ps, Instance /linebuf_tb/uut/U_Multiply/U0/ : Warning: There is an 'U'|'X'|'W'|'Z'|'-' in an arithmetic operand, the result will be 'X'(es).
# restart
# run 40us
Simulator is doing circuit initialization process.
at 0 ps: Note: WARNING: Behavioral models for independent clock FIFO configurations do not model synchronization delays. The behavioral models are functionally correct, and will represent the behavior of the configured FIFO. See the FIFO Generator User Guide for more information. (/linebuf_tb/uut/U_FIFO/U0/gconvfifo/inst_conv_fifo/).
Finished circuit initialization process.
at 0 ps, Instance /linebuf_tb/ : Warning: NUMERIC_STD."=": metavalue detected, returning FALSE
at 0 ps, Instance /linebuf_tb/ : Warning: NUMERIC_STD."=": metavalue detected, returning FALSE
ISim P.20131013 (signature 0x7708f090)
WARNING: A WEBPACK license was found.
WARNING: Please use Xilinx License Configuration Manager to check out a full ISim license.
WARNING: ISim will run in Lite mode. Please refer to the ISim documentation for more information on the differences between the Lite and the Full version.
This is a Lite version of ISim.
# run 1000 ns
Simulator is doing circuit initialization process.
at 0 ps: Note: WARNING: Behavioral models for independent clock FIFO configurations do not model synchronization delays. The behavioral models are functionally correct, and will represent the behavior of the configured FIFO. See the FIFO Generator User Guide for more information. (/linebuf_tb/uut/U_FIFO/U0/gconvfifo/inst_conv_fifo/).
Finished circuit initialization process.
at 0 ps, Instance /linebuf_tb/ : Warning: NUMERIC_STD."=": metavalue detected, returning FALSE
at 0 ps, Instance /linebuf_tb/ : Warning: NUMERIC_STD."=": metavalue detected, returning FALSE
at 0 ps, Instance /linebuf_tb/uut/U_Multiply/U0/ : Warning: There is an 'U'|'X'|'W'|'Z'|'-' in an arithmetic operand, the result will be 'X'(es).
# restart
# run 40us
Simulator is doing circuit initialization process.
at 0 ps: Note: WARNING: Behavioral models for independent clock FIFO configurations do not model synchronization delays. The behavioral models are functionally correct, and will represent the behavior of the configured FIFO. See the FIFO Generator User Guide for more information. (/linebuf_tb/uut/U_FIFO/U0/gconvfifo/inst_conv_fifo/).
Finished circuit initialization process.
at 0 ps, Instance /linebuf_tb/ : Warning: NUMERIC_STD."=": metavalue detected, returning FALSE
at 0 ps, Instance /linebuf_tb/ : Warning: NUMERIC_STD."=": metavalue detected, returning FALSE
ISim P.20131013 (signature 0x7708f090)
WARNING: A WEBPACK license was found.
WARNING: Please use Xilinx License Configuration Manager to check out a full ISim license.
WARNING: ISim will run in Lite mode. Please refer to the ISim documentation for more information on the differences between the Lite and the Full version.
This is a Lite version of ISim.
# run 1000 ns
Simulator is doing circuit initialization process.
at 0 ps: Note: WARNING: Behavioral models for independent clock FIFO configurations do not model synchronization delays. The behavioral models are functionally correct, and will represent the behavior of the configured FIFO. See the FIFO Generator User Guide for more information. (/linebuf_tb/uut/U_FIFO/U0/gconvfifo/inst_conv_fifo/).
Finished circuit initialization process.
at 0 ps, Instance /linebuf_tb/ : Warning: NUMERIC_STD."=": metavalue detected, returning FALSE
at 0 ps, Instance /linebuf_tb/ : Warning: NUMERIC_STD."=": metavalue detected, returning FALSE
at 0 ps, Instance /linebuf_tb/uut/U_Multiply/U0/ : Warning: There is an 'U'|'X'|'W'|'Z'|'-' in an arithmetic operand, the result will be 'X'(es).
# restart
# run 40us
Simulator is doing circuit initialization process.
at 0 ps: Note: WARNING: Behavioral models for independent clock FIFO configurations do not model synchronization delays. The behavioral models are functionally correct, and will represent the behavior of the configured FIFO. See the FIFO Generator User Guide for more information. (/linebuf_tb/uut/U_FIFO/U0/gconvfifo/inst_conv_fifo/).
Finished circuit initialization process.
at 0 ps, Instance /linebuf_tb/ : Warning: NUMERIC_STD."=": metavalue detected, returning FALSE
at 0 ps, Instance /linebuf_tb/ : Warning: NUMERIC_STD."=": metavalue detected, returning FALSE
ISim P.20131013 (signature 0x7708f090)
WARNING: A WEBPACK license was found.
WARNING: Please use Xilinx License Configuration Manager to check out a full ISim license.
WARNING: ISim will run in Lite mode. Please refer to the ISim documentation for more information on the differences between the Lite and the Full version.
This is a Lite version of ISim.
# run 1000 ns
Simulator is doing circuit initialization process.
at 0 ps: Note: WARNING: Behavioral models for independent clock FIFO configurations do not model synchronization delays. The behavioral models are functionally correct, and will represent the behavior of the configured FIFO. See the FIFO Generator User Guide for more information. (/linebuf_tb/uut/U_FIFO/U0/gconvfifo/inst_conv_fifo/).
Finished circuit initialization process.
at 0 ps, Instance /linebuf_tb/ : Warning: NUMERIC_STD."=": metavalue detected, returning FALSE
at 0 ps, Instance /linebuf_tb/ : Warning: NUMERIC_STD."=": metavalue detected, returning FALSE
at 0 ps, Instance /linebuf_tb/uut/U_Multiply/U0/ : Warning: There is an 'U'|'X'|'W'|'Z'|'-' in an arithmetic operand, the result will be 'X'(es).
# restart
# run 40us
Simulator is doing circuit initialization process.
at 0 ps: Note: WARNING: Behavioral models for independent clock FIFO configurations do not model synchronization delays. The behavioral models are functionally correct, and will represent the behavior of the configured FIFO. See the FIFO Generator User Guide for more information. (/linebuf_tb/uut/U_FIFO/U0/gconvfifo/inst_conv_fifo/).
Finished circuit initialization process.
at 0 ps, Instance /linebuf_tb/ : Warning: NUMERIC_STD."=": metavalue detected, returning FALSE
at 0 ps, Instance /linebuf_tb/ : Warning: NUMERIC_STD."=": metavalue detected, returning FALSE
ISim P.20131013 (signature 0x7708f090)
WARNING: A WEBPACK license was found.
WARNING: Please use Xilinx License Configuration Manager to check out a full ISim license.
WARNING: ISim will run in Lite mode. Please refer to the ISim documentation for more information on the differences between the Lite and the Full version.
This is a Lite version of ISim.
# run 1000 ns
Simulator is doing circuit initialization process.
at 0 ps: Note: WARNING: Behavioral models for independent clock FIFO configurations do not model synchronization delays. The behavioral models are functionally correct, and will represent the behavior of the configured FIFO. See the FIFO Generator User Guide for more information. (/linebuf_tb/uut/U_FIFO/U0/gconvfifo/inst_conv_fifo/).
Finished circuit initialization process.
at 0 ps, Instance /linebuf_tb/ : Warning: NUMERIC_STD."=": metavalue detected, returning FALSE
at 0 ps, Instance /linebuf_tb/ : Warning: NUMERIC_STD."=": metavalue detected, returning FALSE
at 0 ps, Instance /linebuf_tb/uut/U_Multiply/U0/ : Warning: There is an 'U'|'X'|'W'|'Z'|'-' in an arithmetic operand, the result will be 'X'(es).
# restart
# run 40us
Simulator is doing circuit initialization process.
at 0 ps: Note: WARNING: Behavioral models for independent clock FIFO configurations do not model synchronization delays. The behavioral models are functionally correct, and will represent the behavior of the configured FIFO. See the FIFO Generator User Guide for more information. (/linebuf_tb/uut/U_FIFO/U0/gconvfifo/inst_conv_fifo/).
Finished circuit initialization process.
at 0 ps, Instance /linebuf_tb/ : Warning: NUMERIC_STD."=": metavalue detected, returning FALSE
at 0 ps, Instance /linebuf_tb/ : Warning: NUMERIC_STD."=": metavalue detected, returning FALSE
ISim P.20131013 (signature 0x7708f090)
WARNING: A WEBPACK license was found.
WARNING: Please use Xilinx License Configuration Manager to check out a full ISim license.
WARNING: ISim will run in Lite mode. Please refer to the ISim documentation for more information on the differences between the Lite and the Full version.
This is a Lite version of ISim.
# run 1000 ns
Simulator is doing circuit initialization process.
at 0 ps: Note: WARNING: Behavioral models for independent clock FIFO configurations do not model synchronization delays. The behavioral models are functionally correct, and will represent the behavior of the configured FIFO. See the FIFO Generator User Guide for more information. (/linebuf_tb/uut/U_FIFO/U0/gconvfifo/inst_conv_fifo/).
Finished circuit initialization process.
at 0 ps, Instance /linebuf_tb/ : Warning: NUMERIC_STD."=": metavalue detected, returning FALSE
at 0 ps, Instance /linebuf_tb/ : Warning: NUMERIC_STD."=": metavalue detected, returning FALSE
at 0 ps, Instance /linebuf_tb/uut/U_Multiply/U0/ : Warning: There is an 'U'|'X'|'W'|'Z'|'-' in an arithmetic operand, the result will be 'X'(es).
# restart
# run 40us
Simulator is doing circuit initialization process.
at 0 ps: Note: WARNING: Behavioral models for independent clock FIFO configurations do not model synchronization delays. The behavioral models are functionally correct, and will represent the behavior of the configured FIFO. See the FIFO Generator User Guide for more information. (/linebuf_tb/uut/U_FIFO/U0/gconvfifo/inst_conv_fifo/).
Finished circuit initialization process.
at 0 ps, Instance /linebuf_tb/ : Warning: NUMERIC_STD."=": metavalue detected, returning FALSE
at 0 ps, Instance /linebuf_tb/ : Warning: NUMERIC_STD."=": metavalue detected, returning FALSE
ISim P.20131013 (signature 0x7708f090)
WARNING: A WEBPACK license was found.
WARNING: Please use Xilinx License Configuration Manager to check out a full ISim license.
WARNING: ISim will run in Lite mode. Please refer to the ISim documentation for more information on the differences between the Lite and the Full version.
This is a Lite version of ISim.
# run 1000 ns
Simulator is doing circuit initialization process.
at 0 ps: Note: WARNING: Behavioral models for independent clock FIFO configurations do not model synchronization delays. The behavioral models are functionally correct, and will represent the behavior of the configured FIFO. See the FIFO Generator User Guide for more information. (/linebuf_tb/uut/U_FIFO/U0/gconvfifo/inst_conv_fifo/).
Finished circuit initialization process.
at 0 ps, Instance /linebuf_tb/ : Warning: NUMERIC_STD."=": metavalue detected, returning FALSE
at 0 ps, Instance /linebuf_tb/ : Warning: NUMERIC_STD."=": metavalue detected, returning FALSE
at 0 ps, Instance /linebuf_tb/uut/U_Multiply/U0/ : Warning: There is an 'U'|'X'|'W'|'Z'|'-' in an arithmetic operand, the result will be 'X'(es).
# restart
# run 40us
Simulator is doing circuit initialization process.
at 0 ps: Note: WARNING: Behavioral models for independent clock FIFO configurations do not model synchronization delays. The behavioral models are functionally correct, and will represent the behavior of the configured FIFO. See the FIFO Generator User Guide for more information. (/linebuf_tb/uut/U_FIFO/U0/gconvfifo/inst_conv_fifo/).
Finished circuit initialization process.
at 0 ps, Instance /linebuf_tb/ : Warning: NUMERIC_STD."=": metavalue detected, returning FALSE
at 0 ps, Instance /linebuf_tb/ : Warning: NUMERIC_STD."=": metavalue detected, returning FALSE
# restart
# run 40us
Simulator is doing circuit initialization process.
at 0 ps: Note: WARNING: Behavioral models for independent clock FIFO configurations do not model synchronization delays. The behavioral models are functionally correct, and will represent the behavior of the configured FIFO. See the FIFO Generator User Guide for more information. (/linebuf_tb/uut/U_FIFO/U0/gconvfifo/inst_conv_fifo/).
Finished circuit initialization process.
at 0 ps, Instance /linebuf_tb/ : Warning: NUMERIC_STD."=": metavalue detected, returning FALSE
at 0 ps, Instance /linebuf_tb/ : Warning: NUMERIC_STD."=": metavalue detected, returning FALSE
# restart
# run 40us
Simulator is doing circuit initialization process.
at 0 ps: Note: WARNING: Behavioral models for independent clock FIFO configurations do not model synchronization delays. The behavioral models are functionally correct, and will represent the behavior of the configured FIFO. See the FIFO Generator User Guide for more information. (/linebuf_tb/uut/U_FIFO/U0/gconvfifo/inst_conv_fifo/).
Finished circuit initialization process.
at 0 ps, Instance /linebuf_tb/ : Warning: NUMERIC_STD."=": metavalue detected, returning FALSE
at 0 ps, Instance /linebuf_tb/ : Warning: NUMERIC_STD."=": metavalue detected, returning FALSE
# restart
# run 40us
Simulator is doing circuit initialization process.
at 0 ps: Note: WARNING: Behavioral models for independent clock FIFO configurations do not model synchronization delays. The behavioral models are functionally correct, and will represent the behavior of the configured FIFO. See the FIFO Generator User Guide for more information. (/linebuf_tb/uut/U_FIFO/U0/gconvfifo/inst_conv_fifo/).
Finished circuit initialization process.
at 0 ps, Instance /linebuf_tb/ : Warning: NUMERIC_STD."=": metavalue detected, returning FALSE
at 0 ps, Instance /linebuf_tb/ : Warning: NUMERIC_STD."=": metavalue detected, returning FALSE
# restart
# run 40us
Simulator is doing circuit initialization process.
at 0 ps: Note: WARNING: Behavioral models for independent clock FIFO configurations do not model synchronization delays. The behavioral models are functionally correct, and will represent the behavior of the configured FIFO. See the FIFO Generator User Guide for more information. (/linebuf_tb/uut/U_FIFO/U0/gconvfifo/inst_conv_fifo/).
Finished circuit initialization process.
at 0 ps, Instance /linebuf_tb/ : Warning: NUMERIC_STD."=": metavalue detected, returning FALSE
at 0 ps, Instance /linebuf_tb/ : Warning: NUMERIC_STD."=": metavalue detected, returning FALSE
# restart
# run 40us
Simulator is doing circuit initialization process.
at 0 ps: Note: WARNING: Behavioral models for independent clock FIFO configurations do not model synchronization delays. The behavioral models are functionally correct, and will represent the behavior of the configured FIFO. See the FIFO Generator User Guide for more information. (/linebuf_tb/uut/U_FIFO/U0/gconvfifo/inst_conv_fifo/).
Finished circuit initialization process.
at 0 ps, Instance /linebuf_tb/ : Warning: NUMERIC_STD."=": metavalue detected, returning FALSE
at 0 ps, Instance /linebuf_tb/ : Warning: NUMERIC_STD."=": metavalue detected, returning FALSE
# restart
# run 40us
Simulator is doing circuit initialization process.
at 0 ps: Note: WARNING: Behavioral models for independent clock FIFO configurations do not model synchronization delays. The behavioral models are functionally correct, and will represent the behavior of the configured FIFO. See the FIFO Generator User Guide for more information. (/linebuf_tb/uut/U_FIFO/U0/gconvfifo/inst_conv_fifo/).
Finished circuit initialization process.
at 0 ps, Instance /linebuf_tb/ : Warning: NUMERIC_STD."=": metavalue detected, returning FALSE
at 0 ps, Instance /linebuf_tb/ : Warning: NUMERIC_STD."=": metavalue detected, returning FALSE
ISim P.20131013 (signature 0x7708f090)
WARNING: A WEBPACK license was found.
WARNING: Please use Xilinx License Configuration Manager to check out a full ISim license.
WARNING: ISim will run in Lite mode. Please refer to the ISim documentation for more information on the differences between the Lite and the Full version.
This is a Lite version of ISim.
# run 1000 ns
Simulator is doing circuit initialization process.
at 0 ps: Note: WARNING: Behavioral models for independent clock FIFO configurations do not model synchronization delays. The behavioral models are functionally correct, and will represent the behavior of the configured FIFO. See the FIFO Generator User Guide for more information. (/linebuf_tb/uut/U_FIFO/U0/gconvfifo/inst_conv_fifo/).
Finished circuit initialization process.
at 0 ps, Instance /linebuf_tb/ : Warning: NUMERIC_STD."=": metavalue detected, returning FALSE
at 0 ps, Instance /linebuf_tb/ : Warning: NUMERIC_STD."=": metavalue detected, returning FALSE
at 0 ps, Instance /linebuf_tb/uut/U_Multiply/U0/ : Warning: There is an 'U'|'X'|'W'|'Z'|'-' in an arithmetic operand, the result will be 'X'(es).
# restart
# run 40us
Simulator is doing circuit initialization process.
at 0 ps: Note: WARNING: Behavioral models for independent clock FIFO configurations do not model synchronization delays. The behavioral models are functionally correct, and will represent the behavior of the configured FIFO. See the FIFO Generator User Guide for more information. (/linebuf_tb/uut/U_FIFO/U0/gconvfifo/inst_conv_fifo/).
Finished circuit initialization process.
at 0 ps, Instance /linebuf_tb/ : Warning: NUMERIC_STD."=": metavalue detected, returning FALSE
at 0 ps, Instance /linebuf_tb/ : Warning: NUMERIC_STD."=": metavalue detected, returning FALSE
ISim P.20131013 (signature 0x7708f090)
WARNING: A WEBPACK license was found.
WARNING: Please use Xilinx License Configuration Manager to check out a full ISim license.
WARNING: ISim will run in Lite mode. Please refer to the ISim documentation for more information on the differences between the Lite and the Full version.
This is a Lite version of ISim.
# run 1000 ns
Simulator is doing circuit initialization process.
at 0 ps: Note: WARNING: Behavioral models for independent clock FIFO configurations do not model synchronization delays. The behavioral models are functionally correct, and will represent the behavior of the configured FIFO. See the FIFO Generator User Guide for more information. (/linebuf_tb/uut/U_FIFO/U0/gconvfifo/inst_conv_fifo/).
Finished circuit initialization process.
at 0 ps, Instance /linebuf_tb/ : Warning: NUMERIC_STD."=": metavalue detected, returning FALSE
at 0 ps, Instance /linebuf_tb/ : Warning: NUMERIC_STD."=": metavalue detected, returning FALSE
at 0 ps, Instance /linebuf_tb/uut/U_Multiply/U0/ : Warning: There is an 'U'|'X'|'W'|'Z'|'-' in an arithmetic operand, the result will be 'X'(es).
# restart
# run 40us
Simulator is doing circuit initialization process.
at 0 ps: Note: WARNING: Behavioral models for independent clock FIFO configurations do not model synchronization delays. The behavioral models are functionally correct, and will represent the behavior of the configured FIFO. See the FIFO Generator User Guide for more information. (/linebuf_tb/uut/U_FIFO/U0/gconvfifo/inst_conv_fifo/).
Finished circuit initialization process.
at 0 ps, Instance /linebuf_tb/ : Warning: NUMERIC_STD."=": metavalue detected, returning FALSE
at 0 ps, Instance /linebuf_tb/ : Warning: NUMERIC_STD."=": metavalue detected, returning FALSE
ISim P.20131013 (signature 0x7708f090)
WARNING: A WEBPACK license was found.
WARNING: Please use Xilinx License Configuration Manager to check out a full ISim license.
WARNING: ISim will run in Lite mode. Please refer to the ISim documentation for more information on the differences between the Lite and the Full version.
This is a Lite version of ISim.
# run 1000 ns
Simulator is doing circuit initialization process.
at 0 ps: Note: WARNING: Behavioral models for independent clock FIFO configurations do not model synchronization delays. The behavioral models are functionally correct, and will represent the behavior of the configured FIFO. See the FIFO Generator User Guide for more information. (/linebuf_tb/uut/U_FIFO/U0/gconvfifo/inst_conv_fifo/).
Finished circuit initialization process.
at 0 ps, Instance /linebuf_tb/ : Warning: NUMERIC_STD."=": metavalue detected, returning FALSE
at 0 ps, Instance /linebuf_tb/ : Warning: NUMERIC_STD."=": metavalue detected, returning FALSE
at 0 ps, Instance /linebuf_tb/uut/U_Multiply/U0/ : Warning: There is an 'U'|'X'|'W'|'Z'|'-' in an arithmetic operand, the result will be 'X'(es).
# restart
# run 40us
Simulator is doing circuit initialization process.
at 0 ps: Note: WARNING: Behavioral models for independent clock FIFO configurations do not model synchronization delays. The behavioral models are functionally correct, and will represent the behavior of the configured FIFO. See the FIFO Generator User Guide for more information. (/linebuf_tb/uut/U_FIFO/U0/gconvfifo/inst_conv_fifo/).
Finished circuit initialization process.
at 0 ps, Instance /linebuf_tb/ : Warning: NUMERIC_STD."=": metavalue detected, returning FALSE
at 0 ps, Instance /linebuf_tb/ : Warning: NUMERIC_STD."=": metavalue detected, returning FALSE
ISim P.20131013 (signature 0x7708f090)
WARNING: A WEBPACK license was found.
WARNING: Please use Xilinx License Configuration Manager to check out a full ISim license.
WARNING: ISim will run in Lite mode. Please refer to the ISim documentation for more information on the differences between the Lite and the Full version.
This is a Lite version of ISim.
# run 1000 ns
Simulator is doing circuit initialization process.
at 0 ps: Note: WARNING: Behavioral models for independent clock FIFO configurations do not model synchronization delays. The behavioral models are functionally correct, and will represent the behavior of the configured FIFO. See the FIFO Generator User Guide for more information. (/linebuf_tb/uut/U_FIFO/U0/gconvfifo/inst_conv_fifo/).
Finished circuit initialization process.
at 0 ps, Instance /linebuf_tb/ : Warning: NUMERIC_STD."=": metavalue detected, returning FALSE
at 0 ps, Instance /linebuf_tb/ : Warning: NUMERIC_STD."=": metavalue detected, returning FALSE
at 0 ps, Instance /linebuf_tb/uut/U_Multiply/U0/ : Warning: There is an 'U'|'X'|'W'|'Z'|'-' in an arithmetic operand, the result will be 'X'(es).
# restart
# run 40us
Simulator is doing circuit initialization process.
at 0 ps: Note: WARNING: Behavioral models for independent clock FIFO configurations do not model synchronization delays. The behavioral models are functionally correct, and will represent the behavior of the configured FIFO. See the FIFO Generator User Guide for more information. (/linebuf_tb/uut/U_FIFO/U0/gconvfifo/inst_conv_fifo/).
Finished circuit initialization process.
at 0 ps, Instance /linebuf_tb/ : Warning: NUMERIC_STD."=": metavalue detected, returning FALSE
at 0 ps, Instance /linebuf_tb/ : Warning: NUMERIC_STD."=": metavalue detected, returning FALSE
ISim P.20131013 (signature 0x7708f090)
WARNING: A WEBPACK license was found.
WARNING: Please use Xilinx License Configuration Manager to check out a full ISim license.
WARNING: ISim will run in Lite mode. Please refer to the ISim documentation for more information on the differences between the Lite and the Full version.
This is a Lite version of ISim.
# run 1000 ns
Simulator is doing circuit initialization process.
at 0 ps: Note: WARNING: Behavioral models for independent clock FIFO configurations do not model synchronization delays. The behavioral models are functionally correct, and will represent the behavior of the configured FIFO. See the FIFO Generator User Guide for more information. (/linebuf_tb/uut/U_FIFO/U0/gconvfifo/inst_conv_fifo/).
Finished circuit initialization process.
at 0 ps, Instance /linebuf_tb/ : Warning: NUMERIC_STD."=": metavalue detected, returning FALSE
at 0 ps, Instance /linebuf_tb/ : Warning: NUMERIC_STD."=": metavalue detected, returning FALSE
at 0 ps, Instance /linebuf_tb/uut/U_Multiply/U0/ : Warning: There is an 'U'|'X'|'W'|'Z'|'-' in an arithmetic operand, the result will be 'X'(es).
# restart
# run 40us
Simulator is doing circuit initialization process.
at 0 ps: Note: WARNING: Behavioral models for independent clock FIFO configurations do not model synchronization delays. The behavioral models are functionally correct, and will represent the behavior of the configured FIFO. See the FIFO Generator User Guide for more information. (/linebuf_tb/uut/U_FIFO/U0/gconvfifo/inst_conv_fifo/).
Finished circuit initialization process.
at 0 ps, Instance /linebuf_tb/ : Warning: NUMERIC_STD."=": metavalue detected, returning FALSE
at 0 ps, Instance /linebuf_tb/ : Warning: NUMERIC_STD."=": metavalue detected, returning FALSE
