Running: fuse.exe -relaunch -intstyle "ise" -incremental -o "C:/Users/m/Desktop/OH/PLB/LABOR/Elevator/ELEVATOR_TB_isim_beh.exe" -prj "C:/Users/m/Desktop/OH/PLB/LABOR/Elevator/ELEVATOR_TB_beh.prj" "work.ELEVATOR_TB" 
ISim P.20131013 (signature 0x7708f090)
Number of CPUs detected in this system: 4
Turning on mult-threading, number of parallel sub-compilation jobs: 8 
Determining compilation order of HDL files
Parsing VHDL file "C:/Users/m/Desktop/OH/PLB/LABOR/Elevator/WATCHDOG.vhd" into library work
Parsing VHDL file "C:/Users/m/Desktop/OH/PLB/LABOR/Elevator/SPI_RX.vhd" into library work
Parsing VHDL file "C:/Users/m/Desktop/OH/PLB/LABOR/Elevator/ELEVATOR.vhd" into library work
Parsing VHDL file "C:/Users/m/Desktop/OH/PLB/LABOR/Elevator/ELEVATOR_TB.vhd" into library work
Starting static elaboration
Completed static elaboration
Compiling package standard
Compiling package std_logic_1164
Compiling package numeric_std
Compiling architecture behavioral of entity SPI_RX [spi_rx_default]
Compiling architecture behavioral of entity WATCHDOG [watchdog_default]
Compiling architecture behavioral of entity ELEVATOR [elevator_default]
Compiling architecture behavior of entity elevator_tb
Time Resolution for simulation is 1ps.
Waiting for 1 sub-compilation(s) to finish...
Compiled 10 VHDL Units
Built simulation executable C:/Users/m/Desktop/OH/PLB/LABOR/Elevator/ELEVATOR_TB_isim_beh.exe
Fuse Memory Usage: 34528 KB
Fuse CPU Usage: 905 ms
